saved A9-048
saved A9-049
saved A9-309
saved A9-320
saved A9-319
saved A9-046
saved A9-310
saved A9-017
saved A9-108
saved A9-016
saved A9-047
saved A9-106
saved A9-219
saved A9-209
saved A9-032
saved A9-217
saved A9-210
saved A9-315
saved A9-207
saved A9-105
saved A9-410
saved A9-220
saved A9-107
saved A9-037
saved A9-004
saved A9-201
saved A9-005
saved A9-110
saved A9-573
saved A1-115
saved A9-216
saved A9-109
saved A1-145
saved A9-111
saved A9-204
saved A9-103
saved A9-316
saved A1-151
saved A9-231
saved A9-029
saved A9-212
saved A1-102
saved A1-117
saved A9-431
saved A9-002
saved A1-538
saved A9-311
saved A1-105
saved A1-541
saved A1-542
saved A1-539
saved A1-540
saved A9-041
saved A9-213
saved A1-543
saved A9-001
saved A9-025
saved A9-414
saved A1-544
saved A9-113
saved A9-206
saved I5-105
saved A9-305
saved A9-225
saved A1-104
saved A1-111
saved A9-304
saved A1-501
saved A1-142
saved A1-512
saved A1-506
saved A1-508
saved A1-513
saved A1-516
saved A9-015
saved A1-510
saved A1-517
saved A9-018
saved A1-518
saved A1-503
saved A9-038
saved H2-060
saved A9-114
saved A1-502
saved A1-505
saved D5-010
saved A9-600
saved A1-124
saved A2-219
saved I7-011
saved B3-065
saved A1-132
saved A1-139
saved A9-427
saved I6-008
saved I9-023
saved A9-012
saved A9-039
saved A9-014
saved A1-148
saved A9-227
saved D4-010
saved A2-257
saved A1-123
saved A9-531
saved A9-019
saved A9-062
saved A1-137
saved A1-109
saved I6-026
saved A9-218
saved A9-044
saved I7-073
saved A9-230
saved A9-050
saved B3-080
saved A9-752
saved A9-224
saved A3-206
saved A3-204
saved I3-011
saved D5-153
saved I2-010
saved A3-205
saved A1-143
saved E2-085
saved A1-159
saved A9-428
saved A1-150
saved B5-004
saved D5-008
saved A9-205
saved A9-417
saved E4-013
saved I5-014
saved D4-011
saved A1-140
saved A1-135
saved A2-126
saved A9-021
saved H4-059
saved E3-096
saved A1-156
saved A1-556
saved A1-558
saved A1-557
saved E2-083
saved A1-560
saved A9-115
saved A1-559
saved A9-104
saved A9-404
saved D2-057
saved A9-411
saved R0-306
saved A2-208
saved I2-018
saved A2-026
saved F9-006
saved A9-423
saved A1-120
saved H1-156
saved E2-025
saved A1-158
saved E2-026
saved H2-112
saved A9-120
saved A9-054
saved A1-153
saved F4-011
saved B3-181
saved A9-055
saved B5-103
saved A9-208
saved A2-016
saved A9-424
saved D5-060
saved F0-007
saved A9-203
saved F1-020
saved B5-114
saved D8-063
saved A2-124
saved D8-014
saved H1-052
saved AN-008
saved F9-152
saved I7-024
saved F7-061
saved A1-119
saved A2-205
saved A3-501
saved A3-504
saved A2-229
saved A1-138
saved B1-011
saved A3-505
saved A1-144
saved A9-042
saved A9-059
saved A1-550
saved A1-549
saved A1-548
saved A2-214
saved A3-502
saved A1-551
saved A1-552
saved A2-213
saved I2-056
saved A2-220
saved I7-004
saved A2-216
saved B3-124
saved A2-227
saved A9-226
saved B3-081
saved A9-306
saved A9-301
saved A9-228
saved A2-320
saved A2-245
saved F7-084
saved I5-008
saved F7-125
saved A9-312
saved A2-319
saved B5-061
saved I5-015
saved A2-305
saved A2-345
saved A2-017
saved A2-024
saved A2-307
saved A2-006
saved A2-207
saved I5-017
saved A9-571
saved D8-061
saved I6-020
saved D5-114
saved A2-113
saved A1-129
saved A2-018
saved A2-114
saved D8-060
saved A1-103
saved AN-015
saved E1-073
saved AN-054
saved A1-141
saved E1-140
saved P7-077
saved E1-088
saved A2-206
saved B1-013
saved H3-004
saved A2-210
saved A2-309
saved I9-033
saved A1-149
saved B1-059
saved A2-235
saved A1-161
saved A1-504
saved H2-105
saved NF-021
saved A1-514
saved A9-010
saved A1-511
saved A2-358
saved P9-018
saved A1-515
saved H4-004
saved A1-509
saved A9-020
saved E2-009
saved A1-523
saved A1-522
saved A9-027
saved A1-507
saved A9-031
saved A1-531
saved A1-526
saved A1-529
saved A1-527
saved A1-533
saved A1-532
saved I6-011
saved A9-101
saved A9-202
saved B2-064
saved A9-211
saved B3-111
saved A2-209
saved A2-217
saved A9-214
saved D2-055
saved A9-215
saved A2-241
saved B3-155
saved D4-009
saved I3-007
saved A9-229
saved A9-307
saved A2-310
saved C2-006
saved A2-246
saved A9-303
saved E9-005
saved A9-413
saved A2-306
saved F7-119
saved AN-060
saved B5-157
saved A2-341
saved F8-006
saved F7-155
saved D5-059
saved A2-335
saved A2-342
saved A2-359
saved E1-025
saved A2-346
saved D5-015
saved F2-008
saved D8-006
saved A2-361
saved E1-116
saved F9-056
saved A3-405
saved H2-051
saved A2-360
saved H2-063
saved A2-230
saved A2-231
saved B5-010
saved A2-037
saved S6-040
saved C2-150
saved A2-022
saved A2-014
saved AN-005
saved AN-014
saved D5-155
saved A2-137
saved A2-138
saved A3-404
saved A1-114
saved D5-162
saved D8-012
saved A2-123
saved A2-013
saved E2-092
saved E1-136
saved A2-357
saved I9-036
saved A1-133
saved A2-331
saved I7-066
saved A7-045
saved A7-033
saved B0-001
saved C5-016
saved A9-024
saved A9-058
saved H3-107
saved F4-059
saved A9-033
saved A9-030
saved C6-006
saved A9-063
saved C6-007
saved A9-061
saved A9-314
saved I6-005
saved A7-069
saved A1-545
saved C6-018
saved E2-050
saved A1-546
saved B2-065
saved A9-043
saved H1-059
saved D2-061
saved D2-065
saved E2-104
saved B1-061
saved D2-009
saved E7-055
saved B2-068
saved D2-058
saved H2-057
saved A2-228
saved E2-164
saved B5-009
saved A7-043
saved H2-054
saved C1-010
saved F6-058
saved F7-054
saved D4-059
saved A2-247
saved A9-415
saved F7-057
saved D4-061
saved A9-406
saved U5-005
saved H5-062
saved C4-122
saved A7-005
saved D4-155
saved F7-079
saved A9-409
saved I5-009
saved I2-067
saved A2-330
saved D5-009
saved I9-006
saved D5-119
saved A2-356
saved E3-149
saved F0-018
saved A2-363
saved A2-347
saved A2-364
saved I5-061
saved A2-365
saved F8-110
saved J0-101
saved I5-016
saved D8-056
saved D8-102
saved E9-058
saved D8-101
saved D8-104
saved F0-003
saved A2-020
saved C2-135
saved F1-056
saved A2-039
saved S3-008
saved I6-067
saved A2-023
saved A2-040
saved ND-021
saved A2-104
saved P8-014
saved VK-013
saved AN-011
saved I6-074
saved P7-040
saved A2-105
saved D5-121
saved H1-007
saved H1-006
saved A2-119
saved NE-006
saved E1-069
saved F2-005
saved A2-121
saved E1-071
saved J0-104
saved H1-106
saved A1-121
saved A2-125
saved I5-167
saved E1-026
saved NE-022
saved H1-107
saved A2-134
saved A2-132
saved C4-013
saved B5-064
saved A1-134
saved E1-106
saved E5-090
saved C4-112
saved H2-061
saved H2-103
saved H2-056
saved E5-103
saved VS-007
saved E2-039
saved E2-057
saved A2-225
saved E5-115
saved A6-001
saved H2-161
saved E2-060
saved E2-094
saved E1-147
saved E1-130
saved E2-079
saved A9-007
saved B1-107
saved F4-001
saved E6-002
saved A9-006
saved H3-056
saved VS-031
saved B1-116
saved A2-573
saved E6-016
saved A2-572
saved B2-005
saved H3-165
saved E6-041
saved N1-055
saved E3-054
saved A9-026
saved A1-530
saved A7-051
saved A9-023
saved B2-022
saved H4-063
saved A1-535
saved PA-013
saved H4-106
saved H4-151
saved A7-063
saved PB-004
saved F4-152
saved A9-040
saved A9-045
saved H5-004
saved A9-035
saved F7-059
saved A9-053
saved E2-087
saved C6-059
saved H4-181
saved A7-074
saved A9-753
saved H5-129
saved B3-064
saved F5-022
saved B3-006
saved U1-308
saved I7-006
saved D2-004
saved F9-104
saved A1-565
saved E2-114
saved I2-016
saved F5-020
saved D2-059
saved A2-215
saved B3-068
saved D2-060
saved E2-144
saved B3-112
saved A2-226
saved F6-009
saved E8-005
saved A2-232
saved H2-006
saved E5-073
saved B0-004
saved D2-104
saved F6-054
saved H2-119
saved B3-154
saved D2-102
saved F6-059
saved I3-003
saved F6-104
saved E5-146
saved E5-159
saved D2-156
saved B5-007
saved D2-110
saved H2-156
saved A9-300
saved B5-011
saved E3-015
saved E3-029
saved B5-055
saved A2-249
saved A9-302
saved A9-313
saved E3-048
saved Q5-017
saved C1-059
saved H4-105
saved F7-055
saved D4-055
saved D4-058
saved M1-008
saved H4-108
saved H4-107
saved A2-316
saved A2-315
saved A2-313
saved B5-104
saved A2-314
saved I8-155
saved A9-407
saved D4-110
saved A2-326
saved H5-060
saved E3-088
saved A2-325
saved A9-412
saved A2-332
saved E3-086
saved A2-333
saved B5-159
saved I5-012
saved A2-334
saved C1-004
saved E9-111
saved B5-160
saved N9-326
saved E9-105
saved E9-120
saved D5-068
saved A2-349
saved D5-063
saved I5-053
saved I2-121
saved I2-120
saved I9-058
saved F0-004
saved A2-351
saved I9-104
saved U1-011
saved I3-016
saved D8-002
saved D5-167
saved A2-004
saved A2-005
saved F0-053
saved A2-010
saved A2-011
saved P7-008
saved A2-009
saved M5-014
saved D8-055
saved A2-019
saved E9-155
saved A2-021
saved F1-018
saved VE-085
saved I5-169
saved A2-025
saved ND-005
saved F0-063
saved D2-013
saved C2-153
saved F0-116
saved F9-106
saved F1-073
saved D2-158
saved I6-022
saved A2-032
saved C3-012
saved F9-116
saved A9-200
saved C3-051
saved AN-006
saved F1-138
saved E1-023
saved T3-016
saved F1-009
saved F1-140
saved F1-139
saved A1-101
saved E1-031
saved A1-106
saved ND-020
saved R3-008
saved D5-057
saved E1-030
saved H1-003
saved A2-108
saved C3-064
saved E1-054
saved P8-013
saved H1-005
saved A2-112
saved A1-108
saved F2-004
saved E1-056
saved H1-008
saved F1-069
saved AN-019
saved A1-112
saved A3-102
saved F1-133
saved A1-113
saved D5-165
saved AN-022
saved H1-051
saved D5-163
saved R3-018
saved A1-116
saved A3-103
saved AN-026
saved D8-059
saved P7-071
saved F2-011
saved C3-129
saved H1-054
saved AN-034
saved A2-127
saved F2-060
saved E5-009
saved H1-104
saved E5-007
saved LZ-023
saved R3-301
saved LZ-024
saved P7-078
saved F2-158
saved AN-041
saved AN-040
saved H1-152
saved A4-101
saved A4-103
saved E1-085
saved N6-043
saved F3-060
saved E1-055
saved A1-130
saved F3-061
saved A1-131
saved K4-011
saved E1-096
saved E5-036
saved F3-062
saved H2-009
saved H2-010
saved E1-097
saved A2-140
saved C4-016
saved P8-005
saved VP-027
saved E5-077
saved A2-142
saved AN-055
saved A2-141
saved A2-143
saved F3-011
saved F3-004
saved E5-078
saved E1-107
saved A2-144
saved A1-136
saved A2-145
saved E2-010
saved H2-062
saved B1-003
saved A1-146
saved H2-104
saved B1-010
saved C4-113
saved B1-012
saved E1-117
saved A1-147
saved R4-302
saved C4-116
saved H2-111
saved E5-129
saved H2-151
saved B1-021
saved E2-040
saved F4-039
saved A4-425
saved F3-065
saved A1-154
saved A1-152
saved F4-057
saved P8-056
saved F4-038
saved C4-118
saved A3-301
saved A3-302
saved F4-104
saved A1-157
saved A6-003
saved A2-252
saved A1-155
saved A2-253
saved F3-067
saved C4-163
saved E1-134
saved C4-162
saved H3-005
saved E1-138
saved H3-008
saved F3-117
saved P8-065
saved B1-060
saved B1-064
saved NF-020
saved N6-343
saved F4-171
saved R5-110
saved C5-018
saved E2-093
saved R5-111
saved NF-024
saved F4-002
saved C5-053
saved H3-055
saved A9-008
saved A9-009
saved T9-101
saved H3-014
saved S6-055
saved H3-105
saved E2-147
saved B1-115
saved C5-057
saved P9-016
saved C5-110
saved H3-106
saved A7-001
saved B2-006
saved E6-037
saved H4-005
saved E2-024
saved VS-044
saved C5-158
saved E2-038
saved E6-055
saved F6-105
saved H4-008
saved A7-048
saved NM-011
saved NM-012
saved F4-058
saved F6-060
saved E6-065
saved L1-015
saved E2-043
saved E6-066
saved H4-057
saved F4-106
saved E2-044
saved A7-052
saved E6-068
saved F4-107
saved E6-088
saved A9-051
saved F7-053
saved B2-016
saved A7-059
saved E2-056
saved E2-054
saved A7-061
saved C6-005
saved F4-118
saved C6-010
saved E2-064
saved TC-013
saved R7-008
saved F4-119
saved B2-060
saved F4-154
saved E6-105
saved F7-106
saved B2-057
saved C6-058
saved E6-111
saved E6-139
saved C6-061
saved E6-112
saved R7-018
saved I6-014
saved A7-073
saved E2-088
saved F7-169
saved H5-008
saved E2-103
saved A9-429
saved A9-052
saved H5-009
saved H5-011
saved E2-089
saved E2-102
saved S4-015
saved F5-009
saved F7-180
saved AA-003
saved B2-105
saved E3-185
saved E3-189
saved A9-056
saved H5-053
saved A9-057
saved N9-092
saved B2-107
saved B2-152
saved B2-110
saved B2-108
saved H5-055
saved E6-155
saved F5-054
saved U1-303
saved H5-124
saved A9-102
saved E4-063
saved F5-057
saved E7-007
saved F5-067
saved H5-126
saved E4-103
saved B2-155
saved E7-010
saved F9-017
saved H5-128
saved F5-071
saved E7-014
saved F5-072
saved C6-159
saved B2-157
saved H5-162
saved F9-008
saved A9-112
saved F9-063
saved I7-005
saved A1-701
saved E7-052
saved E2-128
saved E7-054
saved B2-069
saved A1-702
saved I7-018
saved F5-152
saved D2-008
saved B3-013
saved F9-156
saved H1-004
saved E2-129
saved H1-055
saved B3-067
saved B3-069
saved F5-174
saved E2-142
saved E2-141
saved I2-057
saved B3-073
saved I2-059
saved F6-003
saved U7-015
saved U7-016
saved B3-123
saved E5-006
saved D2-063
saved D2-064
saved E2-161
saved B3-113
saved E5-052
saved NE-029
saved E2-162
saved N8-064
saved F6-052
saved F6-053
saved E2-166
saved A2-237
saved B3-115
saved A2-233
saved F6-020
saved A2-242
saved E8-006
saved H2-123
saved D2-107
saved H2-122
saved A9-223
saved F6-056
saved E8-008
saved F6-101
saved L7-027
saved I8-010
saved F6-106
saved D2-152
saved B5-013
saved A2-248
saved H3-015
saved E8-103
saved E6-052
saved E3-035
saved E6-032
saved Q5-024
saved H3-112
saved E8-107
saved H3-114
saved B5-058
saved F7-006
saved B5-057
saved E6-073
saved E3-041
saved H4-017
saved F7-012
saved B5-062
saved H4-018
saved F7-024
saved E3-049
saved D4-103
saved A2-308
saved U5-003
saved D4-060
saved B5-106
saved F7-070
saved E8-158
saved L5-040
saved E3-074
saved U5-009
saved B5-111
saved E9-007
saved B5-112
saved F7-103
saved E9-012
saved E9-010
saved F7-102
saved E7-021
saved H5-063
saved C3-111
saved H5-103
saved Q5-066
saved E7-025
saved E7-070
saved E3-110
saved A9-420
saved F7-126
saved A9-418
saved D5-012
saved A9-421
saved A2-337
saved F7-154
saved B5-161
saved H5-136
saved D5-013
saved I2-003
saved E9-112
saved A9-426
saved A2-348
saved C4-010
saved E3-129
saved E7-110
saved I9-039
saved R0-303
saved E3-119
saved E9-114
saved C4-063
saved I9-014
saved A2-352
saved E3-120
saved I5-052
saved D5-104
saved A2-353
saved F0-001
saved P5-118
saved D5-118
saved D5-117
saved F8-015
saved I9-055
saved C5-017
saved C5-012
saved A9-574
saved A9-575
saved I5-058
saved A9-576
saved M4-003
saved D5-157
saved A9-577
saved C1-109
saved I9-103
saved I5-062
saved A2-362
saved F0-054
saved E8-061
saved F0-052
saved C1-156
saved C5-063
saved I3-017
saved F0-043
saved J0-001
saved F8-107
saved E8-064
saved I5-064
saved U5-011
saved D8-008
saved F0-104
saved D8-009
saved AA-002
saved A2-008
saved J0-102
saved C5-117
saved P7-003
saved F0-153
saved C2-055
saved A2-012
saved L6-042
saved E4-005
saved F9-018
saved C2-058
saved E4-009
saved F9-021
saved F1-005
saved E9-110
saved E4-012
saved F1-010
saved D8-157
saved F1-017
saved NC-008
saved F0-016
saved F9-057
saved D8-158
saved VE-079
saved ND-003
saved F1-052
saved E1-001
saved F1-053
saved F9-061
saved C3-004
saved F0-062
saved A2-027
saved F9-103
saved F0-064
saved ND-006
saved E4-107
saved E4-155
saved I6-009
saved F1-128
saved T3-015
saved F9-121
saved K2-011
saved L7-036
saved A2-533
saved E1-022
saved P7-032
saved I5-156
saved N6-003
saved E4-156
saved ND-017
saved I6-069
saved S3-011
saved VK-010
saved F0-196
saved R3-004
saved N1-094
saved D4-153
saved A2-102
saved VN-030
saved A2-534
saved P7-309
saved C4-123
saved AN-009
saved I5-157
saved F9-122
saved E4-160
saved L7-037
saved E1-024
saved N6-004
saved K2-012
saved C3-053
saved ND-018
saved R3-005
saved P7-033
saved T3-019
saved A6-007
saved D4-156
saved S3-012
saved VK-011
saved A2-103
saved P7-310
saved I6-070
saved VN-031
saved A9-578
saved N1-095
saved AN-010
saved A2-535
saved ND-019
saved C3-054
saved R3-007
saved K2-013
saved E6-162
saved P7-316
saved N7-307
saved E4-161
saved S3-014
saved N2-033
saved F1-151
saved S3-015
saved L7-102
saved E4-162
saved F7-040
saved F1-021
saved T4-001
saved A2-537
saved I3-196
saved VK-012
saved VN-033
saved N6-005
saved K2-014
saved E4-163
saved D4-157
saved F9-153
saved P7-314
saved C3-055
saved L1-016
saved N2-034
saved P7-035
saved I3-197
saved N6-006
saved C3-057
saved L7-101
saved A2-536
saved T3-020
saved F1-143
saved R3-006
saved P7-034
saved P7-036
saved AN-012
saved F9-154
saved VN-032
saved I6-076
saved K2-015
saved VK-014
saved I3-198
saved S3-016
saved LA-001
saved T4-002
saved A2-107
saved N6-007
saved I6-077
saved N9-331
saved C3-063
saved VN-034
saved A2-538
saved E4-164
saved N2-035
saved P8-011
saved AN-013
saved F1-055
saved I3-199
saved F1-152
saved K3-060
saved K3-100
saved E1-034
saved ND-022
saved F9-155
saved LA-002
saved P7-037
saved N6-008
saved T4-003
saved VM-001
saved R3-009
saved S3-017
saved N2-036
saved F1-061
saved VN-036
saved P8-012
saved F1-183
saved D5-058
saved A2-539
saved E4-166
saved I6-078
saved E1-036
saved K3-101
saved LA-003
saved R3-010
saved I3-201
saved N6-009
saved ND-023
saved P7-038
saved A2-109
saved VM-002
saved I6-079
saved S3-020
saved VN-037
saved T4-004
saved F1-067
saved C3-101
saved D5-061
saved F1-184
saved N2-037
saved A2-540
saved A1-107
saved E1-038
saved LA-004
saved I3-202
saved E4-168
saved K3-102
saved N6-010
saved S3-022
saved R3-011
saved ND-025
saved T4-006
saved VM-005
saved A2-110
saved I6-080
saved A2-541
saved C3-102
saved E4-169
saved N2-038
saved E1-039
saved VN-038
saved I5-158
saved AN-016
saved F1-185
saved K3-107
saved P7-043
saved LA-005
saved ND-029
saved N6-011
saved VM-012
saved FZ-001
saved R3-012
saved T4-007
saved S3-023
saved A2-111
saved D5-122
saved I6-111
saved A2-551
saved VN-039
saved E4-170
saved AN-017
saved C3-103
saved F1-070
saved N2-039
saved I5-159
saved P8-018
saved K3-108
saved LA-006
saved R3-013
saved T4-008
saved N6-013
saved F1-187
saved ND-030
saved S4-001
saved I6-116
saved NC-011
saved D5-123
saved F1-072
saved P7-044
saved VN-040
saved VM-013
saved P8-023
saved AN-018
saved A1-110
saved N2-040
saved A2-561
saved E4-171
saved NE-001
saved I5-160
saved K3-112
saved LA-007
saved N6-014
saved R3-014
saved P7-045
saved S4-002
saved N2-065
saved VM-015
saved F1-131
saved I6-118
saved C3-104
saved T4-010
saved P8-026
saved VN-042
saved C3-105
saved E1-057
saved A2-571
saved I5-161
saved H1-009
saved E4-172
saved NE-002
saved K3-113
saved N6-021
saved LA-008
saved S4-003
saved T4-018
saved P7-046
saved I6-119
saved P8-027
saved VM-017
saved N2-071
saved R3-015
saved F1-132
saved VN-043
saved A6-011
saved E4-173
saved E1-058
saved A3-101
saved AN-020
saved C3-112
saved H1-010
saved K3-114
saved LA-009
saved F2-006
saved N6-022
saved NE-003
saved S4-004
saved I5-162
saved VM-022
saved NF-005
saved P7-067
saved T4-019
saved A2-115
saved R3-016
saved P8-028
saved I6-125
saved N2-072
saved C3-113
saved E1-059
saved AN-021
saved VN-044
saved H1-016
saved F2-007
saved LA-010
saved E4-174
saved P7-068
saved K3-115
saved R3-017
saved S4-005
saved VN-001
saved N6-023
saved T4-020
saved F1-134
saved I5-163
saved I6-155
saved NE-004
saved VN-045
saved N2-306
saved P8-029
saved I3-203
saved E4-175
saved K3-120
saved C3-114
saved E1-060
saved LA-011
saved N6-024
saved VN-003
saved NE-005
saved T4-021
saved S4-008
saved I6-025
saved P7-069
saved AN-024
saved E1-061
saved F1-136
saved P8-030
saved N2-307
saved VN-046
saved A2-120
saved I6-156
saved F2-009
saved C3-125
saved P7-070
saved I3-204
saved E4-176
saved K3-200
saved N6-025
saved R3-019
saved S4-009
saved P8-076
saved T4-022
saved I6-157
saved LA-012
saved VN-005
saved F1-141
saved P8-031
saved N3-013
saved E4-177
saved E1-062
saved VN-047
saved H1-053
saved AN-025
saved C3-126
saved N6-026
saved I3-211
saved K3-206
saved LA-013
saved F2-010
saved NE-007
saved T4-027
saved S4-010
saved N8-038
saved R3-021
saved A2-122
saved VN-014
saved C3-127
saved VN-048
saved D8-013
saved F1-146
saved P8-032
saved I6-158
saved E4-178
saved E1-063
saved K3-207
saved I3-212
saved N3-014
saved N6-027
saved NE-008
saved LA-014
saved S4-012
saved R3-022
saved P7-072
saved F1-147
saved NC-006
saved P8-045
saved A1-118
saved VN-015
saved T4-029
saved VN-049
saved A3-401
saved E4-179
saved I5-164
saved N3-111
saved K3-208
saved F2-052
saved H1-101
saved NE-009
saved N6-028
saved R3-023
saved LZ-003
saved S5-101
saved P7-074
saved T4-033
saved I7-014
saved VO-001
saved N3-116
saved F1-162
saved P8-046
saved C3-133
saved AN-035
saved VN-050
saved F2-053
saved E4-185
saved LZ-010
saved A3-402
saved K3-209
saved P7-075
saved R3-024
saved N6-029
saved I5-165
saved VO-002
saved P8-047
saved B0-002
saved NE-011
saved H1-102
saved S5-102
saved F1-163
saved T4-034
saved A3-403
saved E1-072
saved I7-021
saved C3-134
saved VN-051
saved N3-117
saved K3-210
saved H1-103
saved AN-036
saved I5-166
saved LZ-018
saved F2-055
saved P7-076
saved R3-026
saved NE-012
saved S5-103
saved AN-101
saved N3-119
saved T4-036
saved N6-030
saved F2-059
saved I7-022
saved P8-061
saved F2-056
saved VN-052
saved VO-004
saved AN-037
saved E5-008
saved LZ-019
saved S5-104
saved C3-153
saved N6-031
saved K4-001
saved R3-027
saved T4-039
saved NE-013
saved B0-005
saved I7-023
saved VO-007
saved N3-120
saved D8-062
saved P8-062
saved C3-154
saved VN-053
saved A1-122
saved E1-074
saved AN-038
saved N6-032
saved K4-002
saved F2-057
saved NE-014
saved H1-105
saved T4-040
saved I5-208
saved S5-106
saved N3-123
saved A2-128
saved VO-008
saved J0-103
saved P8-070
saved AN-039
saved C3-167
saved F2-058
saved E1-075
saved K4-003
saved VN-054
saved I5-209
saved N6-034
saved P7-080
saved NE-015
saved E5-010
saved T4-041
saved F3-010
saved S5-107
saved VP-001
saved R3-302
saved I7-025
saved D8-064
saved N3-124
saved A2-129
saved VN-055
saved C3-168
saved E5-011
saved P9-003
saved E1-076
saved F2-102
saved LZ-026
saved K4-004
saved N6-041
saved I5-210
saved NE-016
saved R3-303
saved P7-081
saved VP-002
saved S5-108
saved K7-012
saved T4-043
saved A2-130
saved I7-058
saved D8-106
saved F3-016
saved VN-056
saved N3-126
saved C3-169
saved E5-012
saved P9-005
saved A1-125
saved H1-151
saved E1-077
saved F2-103
saved N6-042
saved LZ-027
saved R3-304
saved K4-005
saved NE-017
saved I5-211
saved P7-100
saved T6-007
saved S5-109
saved A2-131
saved VP-003
saved N5-146
saved I7-065
saved F3-020
saved N3-157
saved PA-014
saved A1-126
saved AN-042
saved C4-005
saved E5-014
saved A4-102
saved VN-057
saved F2-104
saved E1-078
saved I5-212
saved LZ-046
saved S5-110
saved P7-300
saved NE-018
saved R3-305
saved T6-011
saved K4-006
saved VP-005
saved N3-158
saved Q1-042
saved E1-040
saved F3-021
saved AN-043
saved VN-058
saved E1-083
saved A1-127
saved C4-006
saved H1-153
saved E5-016
saved I5-251
saved P7-302
saved N6-044
saved F2-105
saved T6-013
saved K4-007
saved R3-306
saved S5-111
saved LZ-059
saved F3-056
saved F3-123
saved VP-006
saved E1-041
saved I7-069
saved A2-133
saved Q1-043
saved N3-159
saved VN-059
saved F2-106
saved C4-009
saved A1-128
saved AN-044
saved E5-028
saved I5-252
saved H1-154
saved K4-008
saved A4-203
saved LZ-068
saved P7-304
saved N6-045
saved R3-307
saved NE-030
saved S5-113
saved VP-007
saved P0-014
saved T6-020
saved E1-045
saved I7-070
saved F3-059
saved N4-001
saved Q1-044
saved C4-011
saved A4-204
saved F2-107
saved H1-155
saved AN-045
saved VN-060
saved E1-086
saved K4-009
saved E5-031
saved I5-253
saved P7-312
saved N6-046
saved LZ-075
saved S5-119
saved VP-008
saved T6-021
saved I7-079
saved P3-031
saved NE-031
saved R4-001
saved A2-135
saved N4-017
saved VN-061
saved AN-046
saved A4-205
saved E1-087
saved Q3-011
saved C4-012
saved F2-108
saved E5-033
saved K4-010
saved NE-034
saved I5-254
saved LZ-077
saved R4-002
saved N6-047
saved P7-313
saved S5-132
saved T6-023
saved VP-012
saved A2-136
saved N4-022
saved I7-080
saved A4-301
saved Q3-031
saved E1-070
saved VN-062
saved AN-047
saved E5-034
saved H2-005
saved S5-135
saved VP-014
saved N6-051
saved LZ-081
saved F2-152
saved P7-315
saved E1-084
saved T6-024
saved R4-003
saved I5-201
saved I7-081
saved NE-035
saved Q3-032
saved VN-063
saved N4-023
saved K5-017
saved AN-048
saved A4-302
saved F2-153
saved I5-255
saved K4-012
saved E1-089
saved C4-014
saved P8-001
saved R4-004
saved LZ-082
saved N6-052
saved NE-036
saved F3-063
saved S5-158
saved T6-028
saved VR-001
saved Q3-038
saved I7-082
saved A4-303
saved N4-024
saved C4-015
saved E5-053
saved VP-011
saved AN-051
saved I5-256
saved NE-037
saved E1-090
saved LZ-083
saved K4-013
saved F2-154
saved S5-159
saved P8-004
saved T6-029
saved N6-053
saved R4-005
saved A2-139
saved AN-053
saved F3-064
saved I7-083
saved N4-026
saved A4-304
saved Q3-053
saved E5-054
saved E1-091
saved VP-024
saved VR-002
saved F2-155
saved K4-014
saved H2-017
saved I5-257
saved LZ-085
saved AN-052
saved NE-039
saved N6-054
saved T6-036
saved R4-006
saved VR-003
saved S5-160
saved E1-132
saved I7-108
saved N4-035
saved F3-102
saved Q3-058
saved A4-306
saved VP-025
saved AN-100
saved E1-092
saved C4-017
saved E5-055
saved H2-019
saved F2-156
saved I5-258
saved LZ-086
saved K5-003
saved N6-061
saved R4-007
saved P8-006
saved NE-042
saved T6-037
saved E1-133
saved S5-161
saved C4-055
saved Q4-007
saved F3-103
saved A4-307
saved AN-151
saved I7-109
saved VR-004
saved I5-259
saved E1-102
saved E5-056
saved N4-036
saved N6-062
saved H2-022
saved F2-157
saved K5-004
saved R4-008
saved S5-162
saved P8-010
saved LZ-087
saved NE-045
saved T6-038
saved VR-005
saved F3-104
saved AN-056
saved E1-135
saved I7-110
saved Q4-031
saved N4-040
saved VP-042
saved A4-308
saved C4-056
saved E5-057
saved E1-103
saved AN-152
saved LZ-093
saved I5-260
saved K5-005
saved NE-046
saved N6-063
saved T6-039
saved P8-016
saved F3-107
saved R4-009
saved E1-104
saved VR-006
saved AN-153
saved N5-003
saved AN-057
saved I7-111
saved C4-057
saved VQ-031
saved A4-309
saved Q4-032
saved F3-006
saved H2-055
saved N6-071
saved S5-163
saved LZ-101
saved P8-019
saved NE-047
saved R4-010
saved I5-261
saved K5-006
saved T6-041
saved VR-007
saved E1-137
saved S5-164
saved N2-046
saved N5-013
saved F3-108
saved Q4-033
saved I7-116
saved VR-011
saved AN-154
saved A4-310
saved E1-105
saved C4-058
saved N6-072
saved F3-009
saved P8-021
saved LZ-104
saved I5-262
saved K5-007
saved R4-011
saved N2-054
saved NE-048
saved T6-042
saved S5-165
saved I7-123
saved VR-008
saved Q5-004
saved F3-113
saved N5-015
saved VR-016
saved C4-061
saved E5-079
saved A4-313
saved K5-008
saved LZ-106
saved I5-263
saved NE-049
saved P8-022
saved R4-012
saved N6-073
saved S5-166
saved N2-056
saved A2-203
saved E1-172
saved VR-009
saved I7-124
saved A4-314
saved T6-043
saved F3-114
saved N5-016
saved Q5-013
saved VR-017
saved C4-062
saved B1-002
saved F3-012
saved K5-009
saved LZ-109
saved E5-080
saved I5-264
saved N6-074
saved T6-840
saved P8-024
saved S5-167
saved R4-013
saved VR-010
saved NE-050
saved N2-114
saved N5-029
saved F3-115
saved E1-173
saved VT-101
saved Q5-020
saved I7-125
saved A4-315
saved F3-013
saved C4-101
saved I5-265
saved E5-081
saved E1-112
saved K5-010
saved P8-025
saved NE-051
saved LZ-110
saved S5-168
saved N6-301
saved R4-014
saved T7-001
saved E1-174
saved Q1-020
saved Q5-023
saved I7-126
saved B1-006
saved A4-402
saved VS-001
saved N5-030
saved F3-157
saved VT-102
saved F3-014
saved K5-011
saved C4-110
saved I5-266
saved LZ-111
saved E1-113
saved R4-015
saved N6-302
saved P8-033
saved NE-052
saved T7-003
saved S5-169
saved E1-176
saved F3-158
saved Q5-026
saved Q3-023
saved VS-002
saved I7-133
saved C4-111
saved A4-403
saved VT-103
saved N5-036
saved B1-008
saved E1-114
saved K5-012
saved I5-202
saved E5-101
saved F3-015
saved H2-101
saved Q3-055
saved LZ-112
saved N6-303
saved VS-003
saved R4-016
saved NE-053
saved P8-034
saved T7-005
saved S5-170
saved A2-211
saved E1-200
saved N5-052
saved Q7-022
saved F3-160
saved I7-134
saved A4-406
saved VT-104
saved E1-115
saved E5-102
saved I5-267
saved K5-013
saved B1-009
saved F3-017
saved LZ-113
saved NE-054
saved N6-313
saved R4-301
saved T7-011
saved S5-171
saved P8-035
saved N5-053
saved I7-135
saved A4-414
saved Q7-027
saved F4-034
saved A2-218
saved F3-018
saved I5-268
saved VV-001
saved VS-004
saved K5-014
saved P8-036
saved S5-174
saved N6-314
saved NE-055
saved VS-005
saved N5-054
saved LZ-114
saved A4-415
saved A2-222
saved F4-035
saved T7-013
saved VV-002
saved Q7-028
saved I5-269
saved F3-019
saved E5-104
saved K5-015
saved C4-114
saved E2-011
saved LZ-115
saved I7-136
saved NE-056
saved N6-321
saved P8-037
saved S5-176
saved T7-014
saved VS-006
saved A2-223
saved I7-137
saved R4-303
saved F4-036
saved R1-106
saved A4-419
saved VV-003
saved K5-016
saved E1-122
saved F3-052
saved N5-057
saved I5-270
saved E5-113
saved N6-322
saved C4-115
saved R4-304
saved P8-038
saved T7-015
saved LZ-116
saved S5-177
saved N1-035
saved NE-057
saved F4-037
saved I8-005
saved N5-060
saved E1-123
saved R1-107
saved VV-004
saved A4-422
saved E5-114
saved I5-271
saved LZ-117
saved K5-301
saved F3-053
saved R4-305
saved NF-001
saved S5-179
saved P8-039
saved N6-323
saved VS-008
saved N5-090
saved T7-016
saved N1-033
saved I8-011
saved R1-108
saved VV-005
saved F3-054
saved C4-117
saved E1-124
saved A4-424
saved K5-302
saved LZ-118
saved I5-272
saved P8-040
saved NF-010
saved N6-324
saved R4-306
saved T7-017
saved VS-009
saved N5-092
saved S6-002
saved I8-013
saved VV-006
saved E1-168
saved F3-055
saved E5-117
saved E1-125
saved R2-003
saved B1-051
saved H2-152
saved K5-303
saved I5-273
saved N6-325
saved LZ-119
saved NF-011
saved R4-307
saved P8-041
saved S6-003
saved T8-001
saved A3-201
saved VS-010
saved A4-426
saved I8-055
saved F4-053
saved B1-052
saved VV-007
saved N5-093
saved C4-119
saved R2-007
saved F3-057
saved E1-126
saved H2-157
saved I5-274
saved N6-326
saved P8-051
saved LZ-120
saved K5-304
saved NF-012
saved A3-202
saved S6-004
saved VS-011
saved R4-309
saved E2-058
saved T8-002
saved A4-427
saved VV-008
saved I8-063
saved R2-010
saved N5-151
saved B1-053
saved E1-127
saved C4-121
saved E5-130
saved F3-058
saved H2-158
saved I5-275
saved LZ-121
saved N6-327
saved NF-013
saved K7-001
saved S6-012
saved R5-001
saved P8-052
saved VS-012
saved F4-101
saved T8-003
saved E2-059
saved N5-152
saved A2-236
saved I8-065
saved VV-009
saved R2-012
saved B1-054
saved C4-152
saved E5-151
saved H2-160
saved I5-276
saved LZ-122
saved K7-002
saved S6-013
saved N6-328
saved N5-153
saved R5-002
saved I8-101
saved VV-010
saved A2-250
saved VS-013
saved R2-013
saved NF-014
saved A6-002
saved T8-004
saved I5-277
saved F3-066
saved B1-055
saved E1-131
saved C4-160
saved NF-016
saved N6-329
saved K7-003
saved E5-152
saved VS-014
saved R5-003
saved E2-067
saved I8-102
saved P8-058
saved N5-154
saved T8-005
saved F4-111
saved C4-161
saved LZ-123
saved S6-014
saved R2-016
saved H3-003
saved B1-056
saved E5-155
saved K7-004
saved VV-011
saved I5-278
saved R5-004
saved T8-006
saved NF-017
saved N6-330
saved VS-015
saved E2-068
saved R2-017
saved P8-059
saved S6-017
saved LZ-124
saved F4-146
saved I8-109
saved N5-157
saved A6-004
saved VV-012
saved B1-057
saved E5-156
saved LZ-125
saved K7-005
saved F3-109
saved NF-018
saved P8-060
saved R5-005
saved I5-279
saved N6-331
saved T8-007
saved E2-069
saved VS-016
saved F4-147
saved I8-110
saved S6-021
saved VV-013
saved B1-058
saved E1-143
saved N5-158
saved R3-020
saved A6-005
saved K7-006
saved I5-203
saved F3-116
saved LZ-126
saved R5-006
saved E5-167
saved N6-332
saved P8-063
saved S6-024
saved NF-019
saved VS-017
saved T8-008
saved S7-026
saved E2-070
saved I8-153
saved N5-160
saved A2-318
saved F4-148
saved R3-028
saved C4-164
saved VV-014
saved E1-145
saved E5-168
saved A6-006
saved I5-280
saved K7-007
saved P8-064
saved M0-001
saved H3-006
saved N6-334
saved S6-025
saved VS-018
saved T8-009
saved E1-166
saved R5-007
saved F4-149
saved A2-322
saved E2-077
saved R4-308
saved I8-201
saved VV-015
saved N5-162
saved F3-118
saved A1-160
saved E5-169
saved C4-165
saved H3-007
saved A6-008
saved I5-281
saved K7-008
saved N0-305
saved R5-008
saved N6-341
saved T8-010
saved A2-336
saved S6-030
saved R4-310
saved F4-150
saved VS-019
saved A2-323
saved E2-078
saved VV-016
saved I8-255
saved N5-163
saved A6-009
saved C4-166
saved B1-062
saved F3-119
saved E5-177
saved NF-022
saved E1-160
saved I5-282
saved K7-009
saved N0-306
saved A2-328
saved R5-009
saved P8-066
saved S6-034
saved VS-020
saved VV-017
saved T8-011
saved I9-032
saved N6-015
saved R5-011
saved C5-007
saved E1-161
saved E5-178
saved F3-120
saved I5-283
saved K7-010
saved H3-009
saved N0-316
saved A6-010
saved N6-344
saved T8-012
saved P8-073
saved S6-038
saved VS-021
saved N6-016
saved F4-173
saved B1-065
saved C5-008
saved R5-012
saved E2-081
saved E5-179
saved E1-162
saved F3-121
saved VV-018
saved I5-284
saved K7-011
saved N0-319
saved N6-345
saved F4-174
saved P5-146
saved T8-013
saved VS-022
saved NF-025
saved I9-034
saved A2-338
saved P8-075
saved R5-013
saved C5-014
saved B1-101
saved N6-017
saved E5-180
saved E1-163
saved VV-019
saved H3-016
saved I5-285
saved N6-346
saved F3-122
saved NF-026
saved K8-001
saved R5-112
saved N0-320
saved P9-001
saved S6-041
saved VS-023
saved T8-014
saved S7-013
saved F4-175
saved A2-339
saved I9-035
saved N6-018
saved R5-120
saved A9-003
saved VV-020
saved C5-015
saved H3-052
saved E1-164
saved K8-002
saved E5-181
saved B1-103
saved F3-153
saved R5-113
saved N6-347
saved I5-286
saved N0-324
saved NF-027
saved P9-002
saved T8-015
saved A2-344
saved S6-042
saved F4-176
saved N6-020
saved VS-024
saved R5-133
saved VV-021
saved E6-001
saved B1-104
saved E1-167
saved F3-154
saved H3-053
saved P9-004
saved I5-287
saved N0-331
saved N6-351
saved K8-003
saved NF-028
saved R5-114
saved R5-134
saved F5-007
saved N6-033
saved T8-016
saved S6-043
saved R3-308
saved E2-095
saved I9-037
saved VS-025
saved B1-105
saved VV-022
saved E1-170
saved F3-155
saved K8-004
saved H3-054
saved I5-288
saved N0-335
saved N6-352
saved NF-029
saved P9-006
saved T8-017
saved VS-026
saved R5-115
saved T3-008
saved E2-112
saved S6-044
saved N6-038
saved VV-024
saved F5-008
saved I9-038
saved I5-289
saved E1-171
saved C5-021
saved R5-140
saved B1-106
saved F3-164
saved E6-003
saved K8-005
saved P9-007
saved N0-336
saved S6-050
saved E2-125
saved T8-018
saved VS-027
saved T3-011
saved NF-030
saved N6-353
saved R5-116
saved A2-542
saved F5-016
saved I9-079
saved VV-025
saved E6-004
saved K8-006
saved I5-290
saved R5-142
saved C5-022
saved N6-064
saved N0-452
saved E1-175
saved N6-354
saved NF-031
saved R5-117
saved S6-051
saved P9-008
saved A2-543
saved VS-028
saved T8-019
saved B3-116
saved F5-018
saved I9-080
saved E2-126
saved N6-076
saved R5-145
saved B1-108
saved E6-005
saved VV-026
saved H3-101
saved C5-052
saved E1-177
saved K8-007
saved I5-291
saved N6-361
saved N1-001
saved R5-118
saved P9-009
saved T9-007
saved NF-033
saved S6-052
saved VS-029
saved A2-544
saved M0-002
saved I9-081
saved F5-060
saved N6-315
saved E2-139
saved B1-109
saved VV-027
saved E6-006
saved R5-146
saved H3-102
saved E1-179
saved I5-204
saved F4-003
saved N1-003
saved N6-362
saved NF-040
saved VS-030
saved K8-008
saved E2-145
saved P9-010
saved A2-545
saved R5-301
saved F5-061
saved N6-316
saved I9-082
saved B1-110
saved R5-310
saved VV-029
saved C5-054
saved E1-182
saved F4-004
saved H3-104
saved E6-010
saved K8-009
saved I5-292
saved NF-041
saved N1-005
saved N6-363
saved P9-011
saved R5-302
saved A7-002
saved T9-103
saved S6-057
saved A2-546
saved I9-083
saved F5-064
saved VV-030
saved A9-011
saved R6-014
saved B1-114
saved N6-317
saved C5-055
saved E1-183
saved E6-012
saved F4-005
saved I5-293
saved NF-042
saved S6-061
saved A7-003
saved A2-547
saved K8-010
saved N1-007
saved P9-012
saved R5-303
saved N6-371
saved VS-032
saved E2-154
saved R7-020
saved I9-084
saved T9-104
saved F5-065
saved Z3-003
saved E6-013
saved F4-006
saved E2-004
saved N6-372
saved K8-011
saved N1-011
saved N6-318
saved T9-105
saved NF-043
saved I5-294
saved P9-013
saved R5-304
saved A7-031
saved VS-033
saved S6-062
saved A2-548
saved E3-005
saved I9-126
saved F5-066
saved R7-028
saved Z3-008
saved N6-320
saved I5-295
saved A9-013
saved C5-102
saved E2-005
saved F4-007
saved N6-373
saved P9-014
saved K8-012
saved N1-012
saved NF-044
saved R5-305
saved VS-034
saved A2-549
saved T9-107
saved S6-063
saved A7-032
saved N6-333
saved R8-310
saved F5-068
saved B1-117
saved E3-006
saved I9-127
saved C5-106
saved E2-006
saved Z3-011
saved N6-374
saved H3-108
saved E6-017
saved F4-008
saved I5-301
saved NM-001
saved K8-013
saved N1-013
saved S6-064
saved P9-015
saved R5-306
saved VS-035
saved T9-110
saved I9-128
saved E3-007
saved N6-338
saved F5-069
saved B1-151
saved R9-008
saved A2-550
saved H3-161
saved C5-107
saved Z3-012
saved L1-001
saved I5-302
saved E6-030
saved F4-009
saved N7-001
saved S6-065
saved N1-025
saved R5-307
saved NM-002
saved E2-007
saved VS-036
saved I9-129
saved R9-010
saved F5-110
saved E3-014
saved A7-034
saved E2-008
saved N6-364
saved C5-108
saved Z3-013
saved TA-001
saved H3-162
saved F4-010
saved N7-002
saved B1-152
saved I5-303
saved E6-031
saved A7-035
saved P9-017
saved L1-002
saved N1-029
saved S7-001
saved TA-002
saved R5-308
saved E3-021
saved F5-112
saved NM-003
saved VS-037
saved I9-130
saved Z3-014
saved RA-016
saved N6-376
saved H3-163
saved R5-309
saved I5-304
saved L1-003
saved B1-153
saved S7-002
saved NM-004
saved N7-003
saved N1-030
saved VS-038
saved TA-003
saved E3-024
saved A7-036
saved RA-017
saved I9-131
saved N7-008
saved F5-114
saved Z5-011
saved A3-303
saved E2-019
saved B2-004
saved F4-012
saved A1-519
saved E6-038
saved C5-111
saved N1-032
saved I5-305
saved R6-001
saved P9-019
saved N7-004
saved S7-003
saved TA-004
saved NM-005
saved L1-004
saved A3-304
saved E3-038
saved VS-039
saved I9-132
saved A7-037
saved F5-115
saved RA-306
saved N7-011
saved C5-150
saved Z5-012
saved A1-520
saved F4-044
saved E2-020
saved L1-005
saved H3-167
saved I5-306
saved N1-034
saved N7-006
saved R6-002
saved NM-006
saved S7-004
saved P9-020
saved TA-005
saved F5-120
saved A7-038
saved VS-040
saved E3-042
saved RA-308
saved A1-521
saved E2-021
saved I9-133
saved E6-042
saved C5-151
saved H4-003
saved I5-307
saved N1-046
saved L1-006
saved F4-051
saved N7-040
saved R6-003
saved N7-007
saved S7-005
saved TA-006
saved P9-022
saved NM-007
saved A7-041
saved VS-041
saved E3-053
saved I9-134
saved N7-042
saved F5-154
saved E2-023
saved C5-152
saved B2-007
saved RA-316
saved E6-051
saved I5-308
saved L1-007
saved F4-052
saved N1-047
saved NM-008
saved A7-042
saved P9-024
saved TA-007
saved N7-012
saved R6-004
saved VS-042
saved S7-006
saved A4-201
saved RA-317
saved F5-163
saved I9-135
saved A9-022
saved N7-062
saved C5-153
saved F4-054
saved E6-053
saved I5-309
saved N1-048
saved B2-008
saved L1-008
saved VS-043
saved R6-005
saved PA-001
saved TA-008
saved NM-009
saved N7-013
saved S7-007
saved A4-311
saved F5-164
saved N7-067
saved RB-008
saved E3-056
saved A1-524
saved J0-051
saved C5-155
saved B2-009
saved F4-055
saved E6-054
saved H4-006
saved E2-034
saved N1-049
saved I5-310
saved N7-014
saved NM-010
saved R6-006
saved PA-002
saved L1-009
saved A7-046
saved A4-312
saved TA-009
saved F5-169
saved N7-085
saved RB-009
saved S7-008
saved J0-105
saved E3-068
saved B2-010
saved F4-056
saved A1-525
saved E2-035
saved H4-007
saved I5-205
saved PA-003
saved N7-015
saved N1-051
saved S7-011
saved TA-010
saved R6-007
saved L1-010
saved VS-045
saved E2-036
saved E3-069
saved A7-047
saved J0-106
saved F6-006
saved A4-405
saved N7-087
saved RB-010
saved B2-011
saved L1-011
saved E6-056
saved N7-016
saved N1-052
saved I5-311
saved C5-159
saved R6-008
saved VS-046
saved E3-070
saved TC-001
saved S7-012
saved F6-057
saved PA-004
saved J0-107
saved N7-088
saved A4-408
saved C5-162
saved RB-012
saved B2-012
saved E6-064
saved I5-312
saved H4-009
saved L1-012
saved PA-005
saved N1-053
saved S7-016
saved A7-049
saved NM-013
saved R6-009
saved N7-017
saved E3-080
saved VS-047
saved TC-002
saved A4-420
saved N7-090
saved A1-528
saved RE-004
saved J0-108
saved B2-013
saved C5-164
saved E2-041
saved I5-313
saved F4-102
saved L1-013
saved H4-016
saved S7-017
saved NM-014
saved N7-019
saved TC-003
saved R6-010
saved PA-006
saved E3-081
saved N7-091
saved VS-048
saved J0-109
saved A7-050
saved A4-431
saved RE-007
saved A9-028
saved C5-165
saved B2-014
saved E2-042
saved F4-103
saved I5-314
saved NM-015
saved R6-011
saved N7-024
saved S7-018
saved H4-020
saved A7-004
saved PA-007
saved VS-049
saved TC-005
saved E3-082
saved N1-058
saved K1-027
saved RZ-203
saved B2-015
saved F6-110
saved N7-092
saved N1-059
saved E6-067
saved C5-167
saved L1-017
saved I5-315
saved R6-012
saved S7-021
saved NM-016
saved PA-008
saved N7-025
saved VS-050
saved E3-083
saved A7-068
saved TC-006
saved N7-093
saved K1-028
saved C5-168
saved S1-013
saved F6-111
saved I5-316
saved N7-026
saved H4-058
saved L1-018
saved NM-017
saved TC-007
saved PA-009
saved S7-022
saved N1-060
saved R6-013
saved VS-051
saved A7-077
saved E3-095
saved N7-302
saved A7-053
saved K1-029
saved F6-113
saved B2-017
saved S1-015
saved L1-020
saved E6-086
saved C5-169
saved E2-045
saved F4-108
saved I5-317
saved N1-062
saved NM-018
saved R7-001
saved PA-010
saved TC-008
saved N7-027
saved VS-052
saved S7-023
saved A7-056
saved F6-152
saved B2-018
saved N7-303
saved I5-318
saved S1-017
saved S7-024
saved H4-060
saved E6-087
saved TC-011
saved F4-110
saved L1-021
saved NM-019
saved E2-046
saved PA-011
saved VT-001
saved N7-028
saved K2-010
saved N1-063
saved F6-155
saved N7-304
saved F4-113
saved R7-002
saved E3-101
saved H4-061
saved A7-057
saved L1-022
saved K3-002
saved S1-019
saved N7-029
saved I5-319
saved N1-064
saved A1-534
saved S7-025
saved R7-004
saved PA-012
saved NM-020
saved E3-102
saved A7-058
saved VT-002
saved K3-003
saved B2-051
saved N8-021
saved TC-012
saved S1-031
saved A9-034
saved F4-114
saved F7-011
saved I5-320
saved N7-041
saved E3-103
saved S7-101
saved K3-004
saved F7-030
saved VT-003
saved N1-065
saved P0-001
saved A1-536
saved B2-052
saved E6-089
saved R7-005
saved L1-023
saved C6-008
saved S1-033
saved F4-117
saved E2-055
saved E6-101
saved N8-022
saved H4-102
saved I5-321
saved N7-043
saved L1-024
saved N1-066
saved PB-001
saved P0-002
saved R7-006
saved S7-102
saved TC-014
saved E3-104
saved A7-060
saved Z3-001
saved S2-013
saved N8-041
saved K3-015
saved A1-537
saved E6-102
saved B2-053
saved L1-025
saved H4-103
saved N7-044
saved I5-322
saved N1-067
saved R7-007
saved TC-015
saved P0-003
saved S7-103
saved PB-002
saved Z3-002
saved E3-105
saved K3-016
saved L1-026
saved E6-103
saved H4-104
saved C6-011
saved N8-042
saved N1-073
saved B2-055
saved P0-004
saved N7-046
saved S7-104
saved TC-021
saved PB-003
saved S2-014
saved A9-119
saved A7-062
saved F7-062
saved Z3-004
saved E3-106
saved N8-043
saved F4-120
saved S2-015
saved K3-017
saved B2-056
saved N1-074
saved E2-065
saved I6-010
saved L1-031
saved N7-048
saved S7-105
saved P0-005
saved R7-009
saved C6-019
saved Z3-005
saved E3-111
saved S2-251
saved N8-044
saved U1-001
saved E2-066
saved N1-075
saved F4-151
saved L1-032
saved K3-055
saved P0-006
saved N7-061
saved U1-002
saved PB-005
saved S7-106
saved Z3-006
saved R7-010
saved A7-064
saved E3-112
saved B2-058
saved F7-111
saved N9-036
saved K3-056
saved S3-013
saved E2-074
saved N1-076
saved C6-055
saved I6-012
saved N7-063
saved H4-154
saved L1-033
saved P0-007
saved S7-107
saved U1-003
saved A7-065
saved PB-007
saved R7-011
saved F7-112
saved Z3-007
saved E3-114
saved K3-057
saved N9-037
saved S3-024
saved B2-059
saved C6-056
saved E2-075
saved E6-114
saved I6-013
saved F4-153
saved H4-155
saved L1-034
saved PB-008
saved R7-012
saved N7-064
saved N1-078
saved P0-008
saved S8-001
saved U1-004
saved K3-058
saved F7-123
saved N9-038
saved S3-027
saved Z3-010
saved E3-115
saved E6-117
saved C6-057
saved N1-079
saved E2-076
saved I5-206
saved L1-035
saved N7-066
saved P0-009
saved Z3-015
saved PB-009
saved U1-005
saved R7-013
saved E3-124
saved S8-002
saved K3-059
saved A7-070
saved N9-039
saved E6-118
saved F4-155
saved F7-161
saved S3-029
saved L1-038
saved B2-061
saved P0-010
saved A7-071
saved PB-010
saved S8-003
saved R7-014
saved U1-006
saved N1-080
saved Z3-016
saved N7-068
saved K3-080
saved E3-125
saved A9-400
saved E2-084
saved B2-062
saved F7-167
saved S3-030
saved E6-119
saved N9-040
saved F4-156
saved I6-018
saved H5-005
saved P0-011
saved L1-039
saved N7-069
saved N1-086
saved U1-007
saved A7-072
saved S8-004
saved PZ-001
saved Z3-017
saved A9-419
saved S4-007
saved R7-015
saved E3-126
saved E6-138
saved N9-041
saved C6-060
saved I6-019
saved H5-006
saved F4-158
saved L2-001
saved K3-205
saved N1-087
saved P0-012
saved N7-080
saved Q1-001
saved Z3-018
saved R7-016
saved S8-005
saved K5-001
saved F7-177
saved A9-422
saved U1-008
saved E3-134
saved S4-011
saved H5-007
saved A1-547
saved N9-042
saved F4-159
saved L2-003
saved I6-021
saved P0-013
saved N1-088
saved N7-081
saved Q1-002
saved S8-006
saved U1-009
saved E3-151
saved R7-017
saved K5-002
saved N9-043
saved Z3-019
saved C6-101
saved B2-066
saved E6-140
saved F7-178
saved L2-005
saved S4-013
saved N1-089
saved F4-161
saved U1-010
saved Q1-003
saved N7-086
saved A9-430
saved P1-001
saved S8-007
saved F7-179
saved C6-102
saved N9-044
saved B2-101
saved Z3-023
saved E6-142
saved F4-164
saved L1-014
saved E3-152
saved I6-057
saved N1-090
saved P1-002
saved L2-007
saved Q1-004
saved R7-019
saved S8-008
saved N9-046
saved N7-089
saved Z3-024
saved A9-606
saved U1-012
saved B2-102
saved E6-143
saved S5-105
saved L1-019
saved E3-153
saved H5-010
saved F4-195
saved C6-103
saved N1-101
saved I6-058
saved Q1-021
saved N7-095
saved R7-021
saved P1-018
saved U1-013
saved E3-184
saved L2-009
saved Z3-025
saved S8-009
saved F7-181
saved L1-027
saved S5-112
saved N9-047
saved E6-144
saved B2-103
saved C6-104
saved F5-006
saved L2-013
saved R7-022
saved N7-096
saved P1-101
saved N1-103
saved I6-060
saved S8-010
saved Q1-022
saved F7-182
saved Z3-026
saved U1-014
saved L1-028
saved S5-115
saved B2-104
saved E6-151
saved N9-050
saved C6-105
saved L2-015
saved R7-023
saved I6-071
saved H5-012
saved N1-104
saved N7-097
saved Q1-023
saved P1-102
saved S8-011
saved AN-121
saved E3-186
saved F8-007
saved S5-116
saved Z5-001
saved L1-029
saved A1-553
saved U1-015
saved F5-010
saved N9-052
saved C6-106
saved E2-105
saved E6-152
saved N1-105
saved H5-014
saved I6-103
saved N7-099
saved P1-104
saved L2-017
saved R7-024
saved Q1-024
saved AN-122
saved S8-012
saved L1-041
saved Z5-002
saved U1-301
saved F8-016
saved A1-554
saved S5-117
saved C6-107
saved N9-054
saved F5-012
saved B2-106
saved E2-106
saved E6-153
saved I6-104
saved L2-019
saved N2-001
saved R7-026
saved Q1-025
saved N7-105
saved P1-107
saved S8-013
saved U1-302
saved Z5-003
saved AN-123
saved E4-010
saved L1-042
saved F8-017
saved N9-055
saved C6-108
saved S5-118
saved I6-105
saved A1-555
saved E2-107
saved F5-015
saved H5-054
saved N7-301
saved L2-059
saved Q1-026
saved E4-014
saved N2-002
saved R7-027
saved B1-004
saved S8-014
saved Z5-004
saved E6-158
saved P1-116
saved C6-109
saved L1-043
saved E2-108
saved F8-051
saved I6-106
saved F5-017
saved S5-120
saved N9-057
saved Q1-027
saved P1-117
saved N2-003
saved N7-305
saved L2-105
saved R8-001
saved S8-015
saved U1-304
saved Z5-005
saved B1-005
saved E4-054
saved S5-121
saved F8-052
saved A9-100
saved C6-110
saved B2-109
saved L1-045
saved E2-109
saved E6-159
saved N9-059
saved Q1-028
saved I6-107
saved P1-118
saved N2-004
saved L2-115
saved N7-306
saved U1-305
saved S8-016
saved Z5-006
saved R8-002
saved E4-055
saved H5-056
saved B1-007
saved F8-058
saved L1-046
saved S5-122
saved N9-061
saved F5-021
saved H5-058
saved I6-108
saved L2-151
saved E6-160
saved E2-110
saved C6-112
saved N2-005
saved N7-313
saved Q1-029
saved P1-122
saved U1-306
saved R8-003
saved Z5-007
saved F8-059
saved S8-017
saved E4-056
saved L1-047
saved N9-063
saved B2-112
saved C6-151
saved S5-123
saved E6-161
saved N2-006
saved H5-059
saved L2-153
saved E2-111
saved I5-207
saved P1-127
saved N7-314
saved U1-307
saved Q1-030
saved B1-102
saved R8-004
saved S9-001
saved Z5-008
saved E4-061
saved S5-124
saved L1-048
saved H5-122
saved B2-151
saved C6-152
saved E6-171
saved F8-060
saved L2-155
saved I6-109
saved N7-315
saved P1-137
saved N2-007
saved Q1-031
saved E4-062
saved B1-111
saved S9-002
saved N9-312
saved S5-126
saved L1-049
saved Z5-009
saved F8-061
saved R8-005
saved C6-153
saved A1-561
saved I6-110
saved E6-173
saved E2-115
saved H5-123
saved F5-055
saved L2-180
saved N2-008
saved N7-316
saved R8-006
saved S9-003
saved P1-139
saved Q1-051
saved Z5-010
saved F8-113
saved B1-112
saved L2-002
saved U2-101
saved S5-129
saved A1-562
saved N9-317
saved C6-154
saved B2-153
saved E7-006
saved E2-116
saved I6-115
saved N2-009
saved N8-001
saved L3-001
saved R8-007
saved Q3-002
saved P1-144
saved U2-102
saved B2-019
saved N9-318
saved S9-004
saved E4-101
saved S5-134
saved F8-116
saved B2-154
saved A1-563
saved L2-006
saved C6-155
saved E2-117
saved H5-125
saved N8-002
saved Q3-004
saved N2-010
saved F5-058
saved I6-121
saved L3-004
saved P1-148
saved B2-020
saved S9-005
saved F8-117
saved L2-101
saved U2-103
saved N9-319
saved C6-156
saved R8-008
saved E2-118
saved A1-564
saved P1-152
saved N2-011
saved Q3-006
saved S5-137
saved L3-005
saved I6-122
saved N8-003
saved S9-006
saved R8-009
saved U2-104
saved E4-105
saved NA-004
saved B2-021
saved L2-107
saved E2-119
saved I6-123
saved B2-156
saved C6-157
saved S5-139
saved E7-012
saved L3-007
saved N8-004
saved Q3-008
saved N2-012
saved R8-010
saved U2-105
saved P1-155
saved S9-007
saved E4-106
saved B2-054
saved S5-142
saved NA-008
saved L2-111
saved C6-158
saved A1-566
saved I6-124
saved E2-120
saved L3-008
saved N2-013
saved P1-156
saved E4-110
saved N8-005
saved R8-011
saved S9-008
saved F9-023
saved Q3-014
saved L2-157
saved B2-063
saved U2-106
saved A1-567
saved NA-011
saved S5-157
saved B3-004
saved E2-121
saved F5-073
saved E7-018
saved H5-161
saved N2-014
saved L3-011
saved U2-107
saved R8-012
saved N8-006
saved F9-060
saved P1-157
saved Q3-016
saved E4-118
saved L2-159
saved S9-009
saved B2-067
saved A1-568
saved S6-001
saved C6-160
saved NB-003
saved B3-005
saved E2-122
saved P2-001
saved F5-074
saved Q3-017
saved L3-012
saved N2-015
saved U2-108
saved E7-051
saved E4-119
saved N8-007
saved R8-013
saved S9-010
saved NB-011
saved S6-005
saved L3-002
saved F5-102
saved C6-162
saved E2-123
saved A1-569
saved P2-002
saved N2-016
saved Q3-018
saved H5-163
saved L3-015
saved N8-011
saved R8-016
saved U2-110
saved E4-120
saved S9-011
saved L3-010
saved B3-007
saved NB-012
saved S6-006
saved A1-570
saved E7-053
saved F5-113
saved E2-127
saved C6-163
saved H5-166
saved N2-017
saved S9-012
saved U2-111
saved B2-115
saved L3-016
saved Q3-021
saved P2-003
saved I7-015
saved N8-012
saved E4-123
saved R8-017
saved NB-014
saved F9-108
saved S6-007
saved L3-017
saved D0-099
saved F5-116
saved B3-008
saved I2-006
saved Q3-026
saved L3-038
saved U2-112
saved N8-013
saved R8-101
saved L3-019
saved N2-018
saved S9-013
saved P2-004
saved B2-158
saved E4-124
saved NB-015
saved F9-109
saved F5-117
saved S6-008
saved L3-043
saved N2-019
saved B3-010
saved P2-005
saved N8-014
saved I7-020
saved Q3-027
saved I2-008
saved L3-021
saved R8-102
saved S9-014
saved U2-113
saved F9-110
saved B2-159
saved E4-125
saved D2-006
saved NB-016
saved A2-201
saved S6-009
saved A9-116
saved I2-009
saved I7-027
saved B3-011
saved E7-056
saved F5-118
saved E2-130
saved L3-046
saved N2-020
saved N8-015
saved P2-006
saved Q3-028
saved S9-015
saved S6-010
saved R8-103
saved L3-022
saved U2-120
saved B1-154
saved D2-007
saved L3-048
saved E4-126
saved F9-111
saved A9-117
saved E7-057
saved E2-131
saved A2-202
saved NB-017
saved F5-119
saved Q3-029
saved B3-060
saved I7-028
saved P2-007
saved R8-106
saved S9-016
saved N8-016
saved N2-021
saved U2-121
saved K1-016
saved L3-023
saved B3-014
saved E4-127
saved NB-018
saved S6-011
saved F5-121
saved B3-062
saved E2-132
saved A2-204
saved E7-060
saved I7-029
saved I2-017
saved U2-122
saved R8-107
saved N8-017
saved P2-008
saved Q3-033
saved AN-058
saved N2-022
saved L3-103
saved B3-016
saved S9-017
saved E4-128
saved L3-030
saved NC-012
saved S6-018
saved E7-101
saved FZ-051
saved P2-009
saved I6-152
saved L3-125
saved N2-023
saved E2-133
saved N8-019
saved Q3-034
saved R8-108
saved S9-018
saved U2-123
saved E4-129
saved B3-021
saved S6-027
saved L3-035
saved ND-024
saved D2-010
saved AN-059
saved F5-170
saved E7-102
saved E2-134
saved N2-024
saved I6-153
saved I2-054
saved N8-020
saved L4-001
saved Q3-035
saved R8-301
saved S9-019
saved U2-124
saved P2-010
saved H1-013
saved B3-022
saved AN-063
saved E4-130
saved S6-029
saved A2-212
saved E2-135
saved D2-011
saved L4-117
saved NE-010
saved E7-104
saved B3-066
saved F5-172
saved L4-002
saved I2-055
saved I6-154
saved N2-031
saved N8-031
saved Q3-036
saved P2-011
saved AN-064
saved R8-302
saved U2-125
saved NE-019
saved E2-140
saved B3-059
saved E7-106
saved S9-020
saved F5-173
saved S6-031
saved E4-131
saved L4-101
saved L4-118
saved I7-057
saved N8-032
saved N2-032
saved Q3-042
saved P2-012
saved R8-303
saved AN-065
saved E4-132
saved U2-126
saved S9-021
saved H1-056
saved S6-049
saved D2-056
saved I7-071
saved L4-119
saved NE-020
saved E7-107
saved L4-102
saved N8-033
saved Q3-051
saved P2-021
saved N2-041
saved U2-127
saved S9-022
saved E4-133
saved R8-304
saved AN-102
saved H1-057
saved NE-021
saved S6-058
saved L4-313
saved L4-110
saved E7-109
saved N8-034
saved I2-058
saved Q3-052
saved N2-042
saved P2-022
saved U2-128
saved B3-084
saved R8-305
saved S9-023
saved L4-316
saved H1-058
saved B3-070
saved E2-143
saved NE-023
saved E4-134
saved S6-060
saved E7-115
saved I7-074
saved L4-111
saved F6-004
saved R8-306
saved N8-035
saved U7-013
saved N2-043
saved Q3-101
saved U2-129
saved L5-011
saved P2-023
saved S9-024
saved B3-085
saved NE-024
saved S6-066
saved E4-138
saved B3-071
saved F6-005
saved E7-119
saved L4-112
saved I2-062
saved I7-103
saved Q4-001
saved S9-025
saved N8-036
saved P2-101
saved U2-130
saved B3-086
saved U7-014
saved N2-044
saved L5-045
saved H1-060
saved NE-025
saved S7-009
saved E4-140
saved R8-307
saved E7-124
saved F6-007
saved I7-104
saved I2-066
saved E2-149
saved Q4-002
saved S9-026
saved L4-113
saved N8-037
saved N2-045
saved E4-151
saved U2-131
saved P2-102
saved L5-052
saved E7-125
saved B3-087
saved R8-308
saved NE-026
saved H1-061
saved F6-008
saved B3-103
saved E2-150
saved I2-099
saved N2-047
saved I7-105
saved S7-014
saved L4-114
saved Q4-003
saved N8-052
saved P2-103
saved S9-027
saved U2-132
saved B3-120
saved E4-157
saved R8-309
saved A2-221
saved B3-106
saved NE-027
saved S7-015
saved L5-056
saved D2-062
saved I7-106
saved E2-155
saved I2-104
saved N2-048
saved L4-115
saved Q4-004
saved E7-152
saved P3-001
saved N8-053
saved U2-133
saved S9-028
saved R9-001
saved H2-007
saved NE-028
saved A2-224
saved L5-057
saved S7-019
saved E2-156
saved E7-155
saved B3-107
saved F6-011
saved I2-105
saved I7-107
saved L4-116
saved N2-049
saved R9-002
saved P3-002
saved N8-054
saved S9-029
saved Q4-005
saved U8-009
saved U2-134
saved L5-066
saved S8-019
saved H2-015
saved E2-157
saved E5-035
saved L4-301
saved I7-112
saved F6-012
saved E7-156
saved N8-055
saved N2-050
saved I2-106
saved R9-003
saved Q4-006
saved S9-030
saved P3-003
saved B3-125
saved Z0-001
saved E7-158
saved NE-032
saved L5-072
saved I7-113
saved H2-016
saved U2-135
saved SB-310
saved I2-107
saved L4-302
saved Q4-008
saved N2-051
saved P3-004
saved S9-031
saved Z0-002
saved N8-063
saved B3-126
saved U2-136
saved E5-072
saved R9-011
saved NE-033
saved L5-073
saved E7-159
saved D2-066
saved SB-311
saved I7-127
saved I2-151
saved L4-310
saved F6-051
saved N2-052
saved H2-052
saved U2-137
saved R9-012
saved Q4-010
saved S9-301
saved Z0-003
saved P3-005
saved B3-114
saved NE-038
saved L5-074
saved E2-163
saved SB-312
saved E7-201
saved I2-152
saved H2-053
saved P3-006
saved L4-311
saved B3-127
saved N2-053
saved N8-301
saved E5-074
saved I7-128
saved Q5-001
saved U2-138
saved Z0-004
saved S9-302
saved L5-075
saved R9-013
saved SC-018
saved B3-128
saved NE-041
saved I7-129
saved E7-202
saved D2-103
saved N8-302
saved N2-055
saved I2-156
saved S9-303
saved P3-007
saved R9-014
saved Q5-002
saved L4-312
saved E5-075
saved U2-139
saved H3-166
saved L6-014
saved T1-006
saved NE-044
saved B3-146
saved E8-003
saved A9-222
saved L5-001
saved I2-157
saved P3-008
saved I7-130
saved Q5-003
saved R9-015
saved N2-057
saved N8-304
saved U2-140
saved R3-025
saved S9-304
saved L6-015
saved H2-117
saved B3-147
saved E5-076
saved E2-168
saved F6-055
saved I7-131
saved A2-238
saved T1-010
saved NF-002
saved L5-002
saved N8-305
saved D2-105
saved N2-059
saved S9-305
saved Q5-005
saved I2-163
saved RA-001
saved P3-013
saved B3-161
saved U2-141
saved T1-012
saved R7-025
saved E5-126
saved B3-157
saved A2-239
saved L6-026
saved NF-102
saved E2-169
saved I2-164
saved U2-142
saved D2-106
saved L5-004
saved P3-014
saved N2-060
saved I5-065
saved Q5-006
saved N8-306
saved S9-306
saved L6-028
saved E5-143
saved RA-002
saved I7-132
saved A2-240
saved B3-158
saved NF-103
saved T1-019
saved E8-007
saved E2-170
saved I7-151
saved N2-061
saved N8-307
saved L5-005
saved Q5-007
saved P3-015
saved RA-003
saved S9-307
saved U2-143
saved B3-182
saved NF-104
saved L6-033
saved E5-144
saved T1-023
saved B3-159
saved E2-173
saved D2-108
saved P3-016
saved N2-062
saved I3-005
saved L5-007
saved I7-152
saved RA-004
saved Q5-008
saved N8-308
saved S9-308
saved U2-144
saved NF-105
saved T2-002
saved H2-127
saved N1-091
saved B3-184
saved L6-037
saved I7-153
saved B3-160
saved E3-004
saved N2-063
saved I3-006
saved E8-009
saved L5-008
saved N9-001
saved RA-005
saved Q5-009
saved P3-017
saved S9-309
saved B3-185
saved U2-145
saved K7-013
saved E5-147
saved H2-128
saved NF-106
saved L7-016
saved D2-111
saved T2-003
saved A2-243
saved E8-011
saved E3-008
saved I7-154
saved F6-102
saved B3-165
saved L5-009
saved P3-018
saved K7-014
saved U2-301
saved N9-002
saved Q5-010
saved S9-310
saved N2-064
saved RA-006
saved E5-154
saved H2-153
saved L7-017
saved T2-008
saved A2-244
saved B5-014
saved B3-166
saved E3-009
saved E8-012
saved NF-107
saved F6-103
saved I3-008
saved I7-155
saved P3-019
saved Q5-011
saved L5-010
saved N9-003
saved R0-318
saved B5-015
saved E3-010
saved T2-010
saved NF-108
saved RA-007
saved D2-153
saved S9-311
saved L7-018
saved H2-154
saved N2-066
saved U2-302
saved N2-067
saved L5-012
saved I7-156
saved I3-009
saved E8-013
saved N9-004
saved S9-312
saved Q5-012
saved P3-020
saved RA-008
saved B5-065
saved E5-161
saved A7-039
saved U2-303
saved NF-109
saved H2-155
saved D2-155
saved L7-024
saved T2-011
saved B5-005
saved E8-053
saved L5-013
saved I7-157
saved Q5-014
saved E3-011
saved S9-313
saved I3-010
saved P3-021
saved N9-005
saved E5-162
saved U2-304
saved N2-068
saved RA-009
saved B5-006
saved NF-110
saved B5-066
saved T2-014
saved I8-006
saved L5-014
saved N2-069
saved F6-107
saved E8-054
saved E3-013
saved P3-030
saved N9-006
saved RA-010
saved Q5-015
saved E6-011
saved S9-314
saved B5-102
saved U2-305
saved NF-111
saved A7-044
saved H3-012
saved L7-029
saved T2-015
saved N2-070
saved D2-157
saved L5-015
saved N9-007
saved F6-153
saved E8-055
saved I3-012
saved I8-007
saved P3-035
saved RA-011
saved S9-315
saved Q5-016
saved L7-041
saved U2-306
saved A7-054
saved B5-105
saved H3-013
saved E6-015
saved B5-008
saved NF-112
saved F6-154
saved N9-008
saved D4-005
saved T2-016
saved I3-054
saved E3-023
saved E8-056
saved U3-001
saved N2-073
saved RA-012
saved C1-003
saved L5-016
saved E6-024
saved P3-036
saved A7-055
saved L7-042
saved S9-316
saved NF-113
saved A2-254
saved D4-008
saved L5-017
saved E3-025
saved T2-026
saved N9-009
saved N2-074
saved F6-156
saved E8-102
saved I3-055
saved P3-037
saved I8-012
saved Q5-018
saved A7-066
saved RA-013
saved T2-106
saved H3-111
saved S9-317
saved U3-002
saved C1-007
saved C1-005
saved L7-043
saved NF-114
saved L5-020
saved B5-012
saved H3-110
saved D2-109
saved I8-053
saved N2-076
saved E3-027
saved U3-003
saved E6-035
saved A7-067
saved F6-157
saved D2-154
saved N2-075
saved L5-019
saved P3-038
saved A2-256
saved N9-010
saved S9-318
saved P0-016
saved Q5-019
saved U3-004
saved L7-045
saved E8-104
saved RA-014
saved S9-319
saved I3-059
saved N9-011
saved Q5-021
saved I8-014
saved I3-056
saved L7-046
saved A2-255
saved RA-015
saved P3-039
saved E8-105
saved F6-158
saved A7-075
saved L5-021
saved P0-018
saved I8-054
saved T2-103
saved P3-043
saved RA-018
saved T2-110
saved F6-159
saved E6-057
saved H3-113
saved C1-055
saved LZ-057
saved N9-012
saved Q5-022
saved S9-320
saved N2-077
saved I3-060
saved E3-039
saved N2-079
saved T2-201
saved F7-004
saved U3-005
saved I8-056
saved I3-061
saved P0-021
saved P3-301
saved L5-023
saved N9-013
saved A2-259
saved RA-019
saved S9-321
saved E6-058
saved U3-007
saved A2-260
saved T3-021
saved LZ-099
saved E8-108
saved B5-056
saved P0-022
saved I3-062
saved I8-057
saved C1-058
saved A9-308
saved L5-025
saved N2-080
saved P3-302
saved N9-014
saved Q5-025
saved U3-008
saved S9-322
saved E6-059
saved RA-020
saved P0-023
saved H3-159
saved LZ-127
saved D4-054
saved A2-301
saved T3-031
saved E3-043
saved E8-109
saved F7-008
saved N2-081
saved L5-027
saved I3-101
saved I8-060
saved U3-009
saved RA-023
saved N9-015
saved SA-001
saved P3-303
saved Q5-027
saved E6-060
saved C1-060
saved T4-011
saved P0-024
saved H3-160
saved LZ-128
saved A2-302
saved E3-044
saved F7-009
saved E8-110
saved I3-102
saved I8-062
saved N2-082
saved N9-016
saved L5-028
saved Q5-030
saved P4-001
saved RA-024
saved C1-102
saved H3-164
saved U3-010
saved P0-025
saved SA-002
saved A2-303
saved LZ-129
saved D4-056
saved E3-045
saved T4-012
saved E6-072
saved B5-059
saved F7-010
saved I3-103
saved L5-029
saved N9-017
saved E8-112
saved N2-102
saved I8-066
saved Q5-032
saved P4-002
saved RA-302
saved H4-013
saved U3-011
saved SA-003
saved C1-152
saved LZ-130
saved P1-010
saved A2-304
saved B5-060
saved E8-113
saved D4-057
saved T4-013
saved E3-046
saved I3-104
saved I8-067
saved L5-030
saved N9-018
saved N2-103
saved Q5-034
saved RA-304
saved P4-003
saved SA-004
saved U3-012
saved M0-003
saved P1-011
saved F7-013
saved E8-152
saved T4-014
saved E6-074
saved N9-019
saved C1-153
saved I3-105
saved N2-106
saved L5-031
saved RA-305
saved I8-103
saved SA-005
saved P4-014
saved AN-049
saved Q5-036
saved U3-013
saved E6-075
saved M0-101
saved P1-015
saved I8-104
saved T4-015
saved E8-153
saved N2-107
saved L5-032
saved I3-106
saved P4-015
saved N9-020
saved RA-309
saved Q5-039
saved U3-014
saved C2-013
saved SA-006
saved M1-001
saved D8-159
saved H4-019
saved E8-154
saved T4-031
saved E6-077
saved E3-051
saved L5-033
saved N2-108
saved F7-029
saved P1-103
saved N9-021
saved I3-108
saved I8-105
saved B5-063
saved Q5-040
saved P4-016
saved RA-310
saved U3-015
saved C2-052
saved SA-007
saved M1-003
saved H4-066
saved N2-078
saved E6-078
saved T4-032
saved P1-105
saved I8-106
saved E8-155
saved B5-101
saved E3-052
saved N2-109
saved I3-110
saved L5-034
saved Q5-041
saved E6-083
saved RA-311
saved U7-017
saved SA-008
saved P4-017
saved N9-022
saved P1-106
saved A9-401
saved M1-004
saved U5-001
saved E3-055
saved A2-311
saved D4-102
saved C2-053
saved N2-110
saved I8-107
saved L5-035
saved E8-156
saved P4-018
saved I3-111
saved T4-035
saved Q5-048
saved M1-005
saved SB-301
saved N8-039
saved N9-023
saved U5-002
saved C2-059
saved E6-106
saved T4-052
saved P1-123
saved A2-312
saved F7-056
saved RA-312
saved A9-402
saved L5-037
saved E3-057
saved E8-157
saved N9-024
saved I8-108
saved I3-206
saved P4-025
saved SB-302
saved RA-313
saved Q5-049
saved A7-076
saved A9-403
saved E6-108
saved N2-111
saved P1-124
saved I3-207
saved M1-006
saved C2-067
saved T4-053
saved I8-114
saved N2-112
saved D4-104
saved L5-038
saved Q5-050
saved P4-030
saved C2-102
saved RA-314
saved E3-064
saved N9-025
saved P1-125
saved SB-303
saved U5-004
saved H4-109
saved T4-054
saved E6-109
saved B5-107
saved M1-007
saved E3-065
saved D4-105
saved E8-159
saved I8-151
saved N2-113
saved N9-026
saved I3-208
saved P4-031
saved L5-039
saved RA-315
saved E6-120
saved Q5-051
saved SB-304
saved C2-103
saved P1-126
saved A9-405
saved D4-106
saved T4-071
saved H4-152
saved I3-209
saved N2-301
saved E3-066
saved B5-108
saved P4-032
saved Q5-052
saved U5-006
saved RA-318
saved I8-152
saved N9-027
saved SB-305
saved E6-121
saved P2-013
saved M1-009
saved U7-018
saved H4-160
saved C2-117
saved D4-107
saved I5-001
saved B5-109
saved T4-072
saved E9-006
saved E3-067
saved Q5-053
saved N2-302
saved I8-154
saved L5-041
saved RA-319
saved P4-042
saved N9-029
saved SB-306
saved AN-061
saved E6-130
saved U5-008
saved P2-014
saved C3-007
saved M2-001
saved T4-091
saved B5-110
saved H5-015
saved A2-317
saved E3-071
saved F7-080
saved N2-311
saved I5-002
saved D4-108
saved P4-043
saved L5-042
saved N9-030
saved RA-320
saved AN-062
saved Q5-059
saved SB-307
saved E6-131
saved C3-009
saved M2-002
saved H5-016
saved A9-408
saved T4-092
saved E9-008
saved D4-109
saved P3-009
saved I5-003
saved F7-081
saved L5-043
saved N9-031
saved I8-156
saved Q5-060
saved N2-312
saved U5-010
saved P4-045
saved C3-014
saved A9-605
saved RA-323
saved SB-308
saved M2-003
saved E6-156
saved N9-032
saved P3-010
saved I8-158
saved E3-075
saved L5-044
saved N2-313
saved Q5-062
saved P4-049
saved RA-324
saved T4-093
saved E6-157
saved SB-309
saved C3-052
saved U5-012
saved T4-094
saved H5-061
saved P3-011
saved A2-321
saved M2-004
saved E3-076
saved D4-111
saved B5-113
saved I3-151
saved N2-314
saved L5-047
saved N9-033
saved I8-159
saved RA-331
saved Q5-063
saved SC-001
saved P4-055
saved M2-005
saved C3-056
saved E7-020
saved T6-001
saved U5-013
saved D4-152
saved E9-014
saved P3-012
saved A2-324
saved I3-152
saved E3-084
saved N9-034
saved I8-202
saved RA-332
saved P4-064
saved Q5-065
saved U5-015
saved L5-048
saved SC-002
saved N2-315
saved A9-118
saved C3-058
saved M2-006
saved B5-152
saved E3-085
saved P3-022
saved I3-153
saved T6-005
saved F7-104
saved L5-049
saved D4-154
saved I8-203
saved E9-018
saved P4-065
saved RA-333
saved N2-317
saved C3-106
saved SC-003
saved M2-007
saved N9-035
saved P3-023
saved E9-054
saved E7-022
saved H5-101
saved T6-027
saved F7-107
saved I8-204
saved B5-153
saved L5-053
saved I3-154
saved P4-067
saved N9-309
saved RA-334
saved N2-321
saved U7-002
saved SC-004
saved Q7-001
saved R4-315
saved E7-024
saved C3-107
saved H5-102
saved P3-024
saved A2-327
saved T6-030
saved B5-154
saved M2-008
saved D5-003
saved I8-205
saved I3-156
saved E3-087
saved E9-055
saved N2-331
saved N9-310
saved L5-054
saved P4-068
saved Q7-002
saved R4-313
saved RA-335
saved U7-003
saved SC-005
saved M2-009
saved P3-032
saved C3-108
saved T6-031
saved A9-416
saved F7-124
saved A2-329
saved B5-155
saved E9-056
saved I3-157
saved L5-055
saved I8-207
saved P4-080
saved N9-311
saved P3-044
saved SC-006
saved RA-336
saved Q7-011
saved N2-332
saved U7-004
saved E7-067
saved C3-110
saved H5-104
saved B5-156
saved P3-033
saved L5-062
saved N9-313
saved I8-251
saved M2-010
saved T6-032
saved N2-334
saved E9-057
saved RA-337
saved Q7-020
saved SC-007
saved P4-081
saved U7-005
saved H5-105
saved L6-046
saved M2-011
saved T6-033
saved E3-113
saved E9-060
saved N9-314
saved I8-252
saved P3-034
saved L5-063
saved I5-010
saved N3-001
saved Q7-021
saved L6-047
saved RB-001
saved P4-301
saved U7-006
saved SC-008
saved E7-072
saved C3-119
saved H5-106
saved M2-012
saved B5-158
saved P3-052
saved T6-035
saved E3-116
saved E9-062
saved D5-011
saved I5-011
saved L6-001
saved I8-253
saved RB-002
saved N9-315
saved SC-009
saved P4-302
saved U7-007
saved N3-002
saved Q7-023
saved L6-048
saved E3-117
saved E7-073
saved H5-133
saved P3-053
saved E9-065
saved C3-120
saved L6-002
saved M2-013
saved T7-002
saved N3-003
saved I8-254
saved U7-008
saved P4-303
saved Q7-024
saved SC-010
saved N9-316
saved RB-003
saved C3-121
saved E7-074
saved M3-002
saved P3-054
saved F7-156
saved L6-049
saved T7-007
saved P4-304
saved N3-004
saved I5-013
saved I8-256
saved E3-118
saved Q7-025
saved U7-009
saved L6-003
saved E7-075
saved N9-320
saved RB-004
saved D5-014
saved I3-158
saved T7-008
saved SC-011
saved H5-154
saved E9-107
saved C3-155
saved L6-004
saved P3-055
saved M3-003
saved RB-005
saved Q7-026
saved F7-158
saved N9-321
saved N3-005
saved P4-305
saved E7-079
saved C3-160
saved T7-012
saved M3-004
saved SC-012
saved P3-056
saved U7-010
saved N3-009
saved I3-159
saved A2-340
saved F7-160
saved N9-322
saved Q7-029
saved D5-016
saved RB-006
saved L6-005
saved SC-013
saved U7-011
saved P4-306
saved M3-005
saved T8-020
saved P3-057
saved E7-080
saved I2-007
saved C4-004
saved C1-006
saved E3-121
saved I3-161
saved F7-162
saved L6-006
saved N9-323
saved I9-021
saved N3-010
saved SC-014
saved K7-015
saved U7-012
saved P5-001
saved C4-008
saved RB-007
saved Q7-031
saved P3-058
saved M3-006
saved C1-008
saved T8-021
saved E3-122
saved E9-113
saved F7-163
saved N3-023
saved L6-007
saved I3-162
saved P5-003
saved I9-022
saved N9-324
saved SC-015
saved Q7-032
saved RB-301
saved I2-011
saved P3-059
saved M3-007
saved K3-116
saved E7-111
saved A2-343
saved U8-001
saved C1-009
saved I3-163
saved F8-003
saved T9-001
saved L6-008
saved E3-123
saved N3-024
saved RB-302
saved R0-301
saved N9-325
saved P5-018
saved U8-002
saved SC-016
saved I8-068
saved I2-051
saved C4-051
saved E7-112
saved P3-060
saved D5-064
saved M3-008
saved T9-002
saved F8-004
saved E9-115
saved C1-031
saved I3-164
saved E3-128
saved R0-302
saved N3-055
saved P5-019
saved I9-024
saved L6-009
saved SC-017
saved RB-303
saved R0-320
saved U8-003
saved C4-052
saved I2-052
saved E7-113
saved M3-009
saved T9-003
saved C1-032
saved E9-117
saved A9-542
saved L6-010
saved P3-304
saved D5-067
saved I9-025
saved N9-327
saved U8-005
saved N6-035
saved P5-101
saved N3-105
saved E7-118
saved T1-004
saved RB-304
saved C4-053
saved A9-543
saved P4-004
saved T9-004
saved C1-051
saved M3-010
saved I9-027
saved E3-130
saved E9-119
saved F8-008
saved N3-109
saved RB-305
saved U8-006
saved N6-335
saved N9-328
saved L6-011
saved P5-102
saved C4-054
saved R0-304
saved T1-009
saved E7-120
saved P4-005
saved I2-070
saved A9-544
saved M3-011
saved T9-006
saved C1-053
saved D5-102
saved E3-131
saved N3-110
saved F8-009
saved L6-012
saved I5-051
saved P5-109
saved T1-016
saved RB-306
saved N9-329
saved R0-305
saved E7-126
saved U8-007
saved C3-115
saved C1-054
saved I2-102
saved M3-012
saved TA-011
saved E3-132
saved P4-023
saved A9-545
saved F8-010
saved I9-051
saved P5-115
saved L6-013
saved RD-101
saved E9-122
saved T1-017
saved N3-112
saved U8-008
saved RA-025
saved N9-330
saved C4-064
saved I2-103
saved E7-127
saved M3-015
saved P4-024
saved C1-056
saved A2-350
saved TA-012
saved A9-546
saved N9-334
saved I9-052
saved E3-145
saved L6-016
saved N3-113
saved F8-011
saved RD-102
saved V6-001
saved R0-307
saved P5-117
saved T1-020
saved E7-128
saved M3-016
saved PB-006
saved C4-065
saved I2-112
saved A9-547
saved P4-026
saved TA-013
saved C1-057
saved E3-146
saved F8-012
saved F0-002
saved D5-115
saved I5-057
saved I9-053
saved NA-001
saved L6-017
saved C4-066
saved RD-103
saved N3-114
saved R3-003
saved T1-021
saved R0-308
saved E7-129
saved M3-017
saved TC-004
saved A9-548
saved V6-002
saved P4-027
saved I2-117
saved F8-014
saved I9-054
saved E3-148
saved C1-063
saved L6-018
saved NA-002
saved P5-122
saved N3-115
saved V6-003
saved RD-104
saved R7-003
saved T1-022
saved M3-018
saved C5-010
saved R0-309
saved E7-151
saved C1-103
saved L6-019
saved P4-036
saved TC-016
saved I3-166
saved P5-131
saved NA-003
saved F0-005
saved R0-310
saved RD-105
saved T1-024
saved N3-118
saved M3-019
saved V6-004
saved C5-011
saved P4-037
saved E7-154
saved TC-018
saved A2-354
saved E3-150
saved F8-053
saved I9-056
saved C1-104
saved NA-005
saved F0-006
saved R0-311
saved I3-167
saved L6-020
saved P5-144
saved RD-106
saved T1-025
saved N3-128
saved V6-005
saved R2-106
saved P4-038
saved M4-001
saved I2-155
saved E7-157
saved C1-105
saved A2-355
saved D5-156
saved TC-024
saved E3-157
saved L6-021
saved F8-054
saved N4-012
saved NA-006
saved I3-168
saved V6-006
saved P5-145
saved T1-028
saved RE-001
saved C5-013
saved R0-312
saved K7-016
saved I2-160
saved E7-165
saved P4-046
saved M4-002
saved TC-025
saved F8-055
saved F0-008
saved C1-106
saved I9-101
saved E3-161
saved L6-022
saved I3-169
saved N4-013
saved NA-007
saved R3-309
saved V6-007
saved RE-002
saved P6-001
saved T1-029
saved R0-313
saved E7-166
saved TC-026
saved C1-108
saved P4-048
saved I2-162
saved E3-162
saved L6-023
saved I3-172
saved F8-056
saved D5-158
saved V6-012
saved C5-056
saved I3-171
saved I3-004
saved NA-009
saved M4-004
saved T1-030
saved N4-015
saved L6-024
saved E3-163
saved D5-159
saved N4-016
saved P6-002
saved TC-027
saved R0-314
saved RA-303
saved F8-057
saved P6-003
saved I9-102
saved E8-010
saved P4-056
saved V6-043
saved NA-010
saved M4-005
saved C5-058
saved RE-003
saved R0-315
saved I3-013
saved P4-057
saved T1-031
saved TC-028
saved KZ-001
saved RE-005
saved E8-057
saved D5-166
saved S5-114
saved E3-166
saved C1-155
saved F8-102
saved I5-059
saved NB-001
saved P6-004
saved N4-018
saved F0-051
saved L6-027
saved R0-316
saved RE-006
saved E8-058
saved A2-001
saved T1-032
saved V6-044
saved P4-059
saved E3-167
saved I3-015
saved I5-060
saved D2-166
saved M4-006
saved I9-105
saved C5-059
saved A9-602
saved N4-019
saved NB-002
saved F8-103
saved P6-005
saved L6-029
saved S1-001
saved T1-033
saved E8-059
saved C5-060
saved VE-001
saved R0-317
saved A2-002
saved U1-309
saved M4-007
saved C1-157
saved E3-168
saved D2-167
saved P4-060
saved A9-603
saved F8-104
saved NB-004
saved L6-030
saved P6-006
saved R1-001
saved S1-003
saved I9-106
saved T2-001
saved N4-020
saved C5-062
saved U3-006
saved A2-003
saved M4-008
saved P4-061
saved VE-002
saved C1-158
saved D8-005
saved N4-031
saved D0-001
saved L6-031
saved F8-105
saved I9-107
saved A9-604
saved R1-002
saved S1-005
saved NB-006
saved P6-007
saved E3-171
saved T2-004
saved VE-003
saved P4-062
saved D8-107
saved U3-016
saved M5-001
saved I3-051
saved A9-607
saved E3-172
saved F8-106
saved C1-159
saved F0-101
saved L6-032
saved I9-108
saved R1-003
saved I5-063
saved N4-032
saved T2-005
saved P6-008
saved S1-007
saved C5-064
saved NB-009
saved VE-004
saved P4-321
saved E8-106
saved I3-052
           saved U5-007
saved A9-750
saved M5-002
saved C2-007
saved D8-007
saved NC-013
saved A2-501
saved F0-103
saved L6-034
saved NB-010
saved E3-173
saved N4-033
saved VE-005
saved S1-009
saved P6-009
saved T2-006
saved I3-053
saved C5-066
saved P4-323
saved R1-004
saved E9-009
saved A2-502
saved M5-003
saved A9-751
saved J0-002
saved F8-108
saved E3-190
saved NB-019
saved NC-014
saved L6-035
saved I3-173
saved C2-008
saved R1-005
saved N4-034
saved S1-011
saved P6-010
saved E9-011
saved A2-007
saved VE-006
saved C5-068
saved T2-013
saved I3-058
saved M5-004
saved P5-002
saved U8-004
saved Q3-010
saved E3-194
saved F0-107
saved A2-503
saved C2-009
saved F8-109
saved J0-003
saved N4-041
saved P7-001
saved T2-017
saved L6-036
saved S1-023
saved I3-174
saved NB-020
saved R1-006
saved C5-113
saved E9-013
saved I3-109
saved VE-007
saved VE-009
saved R2-018
saved M5-005
saved C2-010
saved P5-027
saved E3-195
saved A2-504
saved D8-010
saved N4-042
saved I3-176
saved L6-038
saved F0-110
saved NB-022
saved P7-002
saved T2-032
saved S1-027
saved C5-114
saved R1-007
saved VE-008
saved I3-112
saved P5-028
saved E9-015
saved M5-006
saved R2-019
saved AA-004
saved D8-011
saved A2-505
saved VE-010
saved E3-196
saved F0-151
saved C2-012
saved L6-040
saved F8-111
saved I3-177
saved NB-027
saved N5-005
saved T2-033
saved R1-008
saved S1-029
saved VE-015
saved I3-113
saved P5-029
saved M5-007
saved S4-016
saved A2-506
saved VE-011
saved AH-001
saved C2-014
saved F0-152
saved I3-178
saved F8-112
saved K1-001
saved NB-028
saved P7-004
saved L6-041
saved N5-017
saved R1-009
saved C5-126
saved VE-018
saved S1-035
saved I3-114
saved P5-105
saved M5-008
saved T2-034
saved E9-070
saved AH-002
saved A2-507
saved E4-006
saved VE-012
saved K1-002
saved I3-179
saved C2-015
saved N5-018
saved P7-005
saved R1-010
saved NB-030
saved S1-037
saved F9-005
saved T2-101
saved E9-071
saved A2-508
saved C5-131
saved P5-108
saved VE-020
saved AH-003
saved M5-009
saved E4-007
saved D8-057
saved VE-013
saved I3-116
saved F0-155
saved K1-003
saved L6-043
saved I5-101
saved N5-050
saved NC-001
saved T2-105
saved S1-039
saved P7-006
saved C5-154
saved E9-072
saved I3-155
saved M5-010
saved R1-011
saved VE-056
saved P5-110
saved A2-509
saved AH-011
saved VE-014
saved E4-008
saved C2-056
saved D8-058
saved K1-004
saved F0-156
saved I5-102
saved F9-016
saved R1-012
saved L6-044
saved S1-041
saved P7-007
saved N5-051
saved T2-107
saved VE-060
saved NC-002
saved E9-108
saved C5-156
saved A2-510
saved VE-017
saved AH-012
saved P5-114
saved I5-004
saved M5-011
saved I5-103
saved K1-005
saved C2-057
saved F0-158
saved N5-098
saved NC-003
saved L6-045
saved S2-001
saved T2-108
saved R1-013
saved VE-061
saved A2-015
saved AH-013
saved P6-011
saved VE-021
saved C5-157
saved M5-012
saved E9-109
saved L7-001
saved N5-099
saved F9-019
saved K1-006
saved NC-004
saved I5-104
saved E4-011
saved A2-511
saved R1-014
saved P7-009
saved S2-002
saved VE-067
saved M5-013
saved T2-111
saved A2-512
saved C6-001
saved P6-012
saved F9-020
saved VE-022
saved L7-002
saved AH-014
saved D8-103
saved K1-007
saved C2-060
saved S2-003
saved P7-010
saved NC-005
saved T2-112
saved R1-019
saved VE-069
saved N5-100
saved E9-116
saved I5-019
saved P6-013
saved C6-002
saved VE-023
saved C2-061
saved A2-513
saved AH-015
saved K1-008
saved I3-181
saved F1-011
saved L7-003
saved NC-007
saved N5-101
saved P7-011
saved S2-004
saved VE-071
saved T2-113
saved E9-121
saved R1-020
saved I5-020
saved C6-003
saved P6-014
saved A2-514
saved AH-016
saved C2-105
saved U3-017
saved M5-015
saved VE-024
saved D8-105
saved F1-012
saved E4-015
saved F9-022
saved K1-009
saved I3-182
saved N5-102
saved L7-005
saved VE-073
saved R1-101
saved P7-012
saved T2-114
saved S2-005
saved N0-310
saved VK-003
saved C6-004
saved P6-015
saved C2-106
saved I5-021
saved A2-515
saved F3-156
saved AH-017
saved F1-014
saved D8-155
saved E4-017
saved I3-183
saved K1-010
saved F9-055
saved L7-006
saved P7-013
saved NC-009
saved N5-103
saved R1-102
saved VE-074
saved I5-022
saved T2-200
saved N0-312
saved C6-009
saved S2-006
saved P6-016
saved VM-003
saved A2-516
saved P3-061
saved AH-018
saved C2-107
saved E4-051
saved D8-156
saved F1-016
saved K1-011
saved L7-007
saved N5-104
saved P7-014
saved NC-010
saved I3-184
saved S2-007
saved R1-103
saved VE-075
saved T2-202
saved C6-052
saved F0-015
saved N0-313
saved I5-023
saved P6-017
saved AH-019
saved P3-062
saved VM-006
saved A2-517
saved C2-112
saved K1-012
saved I3-186
saved N5-105
saved E4-053
saved R1-109
saved S2-008
saved ND-001
saved L7-008
saved P7-015
saved N0-318
saved VE-077
saved C6-053
saved P7-026
saved C2-113
saved I5-055
saved T2-203
saved VM-007
saved A2-518
saved AH-020
saved E4-057
saved P3-063
saved L7-009
saved I3-187
saved N5-106
saved R1-110
saved F9-058
saved P7-016
saved K1-013
saved S2-009
saved T2-204
saved C6-054
saved VE-078
saved F0-061
saved A2-519
saved N0-322
saved I5-056
saved A4-421
saved VM-009
saved AH-021
saved P7-039
saved E4-059
saved F1-051
saved C2-115
saved F9-059
saved N5-114
saved ND-004
saved P7-017
saved K1-014
saved L7-011
saved I5-106
saved R1-111
saved T2-205
saved N0-323
saved I5-108
saved S2-010
saved D0-002
saved P7-041
saved VM-011
saved A2-520
saved F3-112
saved AH-022
saved E1-004
saved C2-131
saved I5-107
saved K1-015
saved N5-118
saved L7-012
saved R2-001
saved T2-206
saved E4-060
saved VE-081
saved S2-011
saved I5-168
saved P7-018
saved D0-003
saved N0-332
saved A2-522
saved E1-006
saved VN-006
saved I5-151
saved E4-065
saved P7-042
saved U7-019
saved D2-012
saved S3-001
saved R2-004
saved L7-013
saved RB-307
saved P7-048
saved I5-152
saved K1-021
saved T3-001
saved F0-065
saved F9-101
saved R2-002
saved F9-102
saved E4-067
saved I5-170
saved S2-012
saved E1-007
saved L7-014
saved E1-008
saved VN-008
saved T3-002
saved AH-024
saved N1-028
saved ND-007
saved VN-007
saved N1-027
saved P7-047
saved E4-066
saved AH-025
saved N5-130
saved AH-023
saved P7-020
saved N5-126
saved VE-083
saved K1-022
saved A2-523
saved P7-019
saved K1-023
saved ND-008
saved R2-005
saved I5-153
saved N5-131
saved A2-524
saved L7-015
saved S3-002
saved P7-021
saved VE-086
saved T3-003
saved A2-028
saved F0-102
saved D2-014
saved B3-088
saved P7-049
saved N1-045
saved I6-007
saved C3-003
saved VN-009
saved AH-026
saved A2-525
saved E4-104
saved I3-188
saved F1-074
saved E1-009
saved K1-024
saved ND-009
saved L7-019
saved N5-135
saved P7-022
saved S3-003
saved T3-005
saved R2-006
saved A2-030
saved VK-001
saved F0-106
saved A2-526
saved P7-050
saved N9-045
saved AH-027
saved L7-020
saved F1-114
saved VN-012
saved N1-050
saved I3-189
saved ND-010
saved F9-107
saved VK-002
saved N5-138
saved K1-025
saved E1-010
saved S3-004
saved D2-159
saved R2-008
saved T3-006
saved AH-028
saved P7-023
saved P7-051
saved N1-054
saved VN-016
saved F0-113
saved C3-005
saved E1-011
saved A2-527
saved A2-031
saved F9-112
saved F1-115
saved K2-001
saved I3-191
saved E4-109
saved N5-139
saved P7-024
saved L7-021
saved T3-007
saved ND-011
saved VK-004
saved S3-005
saved P7-052
saved R2-011
saved D2-160
saved F0-114
saved VN-017
saved N1-077
saved NC-015
saved C3-008
saved AN-003
saved E1-012
saved F9-113
saved A2-528
saved F1-116
saved I3-192
saved E4-114
saved ND-012
saved L7-022
saved N5-140
saved S3-006
saved K2-002
saved P7-025
saved A2-036
saved R2-014
saved C3-011
saved T3-009
saved VK-005
saved D2-161
saved A2-529
saved E4-121
saved E1-016
saved N1-082
saved AN-004
saved F1-124
saved VN-020
saved I3-193
saved K2-003
saved L7-023
saved P7-053
saved ND-013
saved N5-142
saved R2-015
saved D2-163
saved P7-027
saved S3-007
saved T3-010
saved VK-006
saved N1-083
saved VN-022
saved F9-117
saved Z5-013
saved P7-054
saved F0-117
saved A2-530
saved E1-019
saved I6-055
saved K2-004
saved E4-122
saved N5-145
saved L7-032
saved P7-028
saved I3-194
saved I6-056
saved D2-164
saved F0-193
saved R2-108
saved N1-084
saved VK-007
saved ND-014
saved P7-301
saved T3-013
saved VN-024
saved C3-013
saved A2-531
saved I5-154
saved L3-018
saved E4-153
saved E1-021
saved F9-118
saved F1-129
saved S3-009
saved ND-015
saved R3-001
saved N6-001
saved L7-034
saved D2-165
saved P7-029
saved T3-014
saved K2-005
saved VK-008
saved F0-194
/usr/lib/python3/dist-packages/requests/__init__.py:89: RequestsDependencyWarning: urllib3 (1.26.8) or chardet (3.0.4) doesn't match a supported version!
  warnings.warn("urllib3 ({}) or chardet ({}) doesn't match a supported "
saved P7-303
saved N1-085
saved I6-059
saved I5-155
saved A2-532
saved F9-120
saved VN-025
saved ND-016
saved P7-031
saved K2-006
saved F1-137
saved N6-002
saved N7-010
saved S3-010
saved R3-002
saved L7-035
saved C3-016
saved AN-007
saved VK-009
saved D4-012
saved A2-101
saved P7-308
saved F0-195
saved N1-093
saved VN-028
saved E2-049
Done.
/usr/lib/python3/dist-packages/requests/__init__.py:89: RequestsDependencyWarning: urllib3 (1.26.8) or chardet (3.0.4) doesn't match a supported version!
  warnings.warn("urllib3 ({}) or chardet ({}) doesn't match a supported "
finish page 11
finish page 7
finish page 6
finish page 14
finish page 4
finish page 16
finish page 12
save failure at page 27
save failure at page 27
finish page 10
finish page 3
finish page 17
finish page 9
finish page 5
finish page 2
finish page 8
finish page 18
finish page 15
finish page 21
finish page 13
finish page 20
finish page 1
finish page 19
finish page 22
finish page 25
finish page 26
finish page 23
finish page 27
finish page 30
Duplicate professor name: 
finish page 29
finish page 28
finish page 32
finish page 35
finish page 34
finish page 31
finish page 33
finish page 36
finish page 39
finish page 38
Duplicate professor name: 
finish page 51
finish page 40
finish page 54
save failure at page 24
finish page 44
finish page 41
finish page 48
finish page 53
finish page 56
finish page 42
Duplicate professor name: 
finish page 37
finish page 45
finish page 55
finish page 46
finish page 49
finish page 50
finish page 43
finish page 52
finish page 47
finish page 57
finish page 59
Duplicate professor name: 
finish page 62
finish page 61
finish page 64
finish page 58
finish page 60
finish page 24
finish page 65
finish page 63
finish page 68
finish page 66
finish page 67
finish page 69
finish page 71
finish page 73
finish page 70
finish page 77
finish page 86
finish page 78
finish page 76
Duplicate professor name: 
finish page 80
finish page 72
finish page 83
Duplicate professor name: 
finish page 87
finish page 74
finish page 79
finish page 75
finish page 88
finish page 89
finish page 90
finish page 81
finish page 82
finish page 84
finish page 92
finish page 85
finish page 91
finish page 94
finish page 93
finish page 95
finish page 100
Duplicate professor name: 
finish page 96
finish page 99
finish page 98
finish page 97
finish page 102
finish page 105
finish page 107
finish page 103
finish page 106
finish page 104
finish page 101
finish page 108
finish page 109
finish page 110
finish page 119
finish page 121
finish page 118
finish page 116
finish page 123
save failure at page 135
finish page 113
save failure at page 136
finish page 127
finish page 122
save failure at page 138
finish page 129
finish page 114
finish page 120
finish page 117
finish page 112
finish page 128
finish page 130
finish page 124
save failure at page 111
finish page 125
finish page 126
save failure at page 115
finish page 131
finish page 132
finish page 134
finish page 133
finish page 136
finish page 135
finish page 139
finish page 137
finish page 140
finish page 138
finish page 144
finish page 142
finish page 141
finish page 145
finish page 156
finish page 143
Duplicate professor name: 
finish page 150
finish page 153
finish page 160
finish page 115
finish page 146
finish page 157
finish page 148
finish page 152
save failure at page 172
finish page 154
finish page 151
finish page 111
finish page 159
finish page 147
save failure at page 177
finish page 149
finish page 161
Duplicate professor name: 
finish page 155
finish page 162
finish page 158
finish page 163
finish page 164
finish page 168
finish page 171
finish page 166
finish page 165
finish page 167
finish page 170
finish page 169
finish page 173
finish page 177
finish page 178
finish page 174
Duplicate professor name: 
finish page 176
Duplicate professor name: 
finish page 172
finish page 179
finish page 175
finish page 182
finish page 181
finish page 188
save failure at page 180
finish page 183
finish page 186
finish page 189
finish page 184
finish page 199
finish page 191
finish page 193
finish page 192
finish page 187
finish page 196
finish page 197
finish page 190
finish page 185
finish page 200
finish page 195
finish page 198
finish page 194
finish page 202
finish page 201
finish page 180
finish page 203
finish page 205
finish page 204
finish page 206
finish page 207
Done.
